{"level":"INFO","time":"2021-08-22T21:39:48.367+0800","caller":"bluebell/main.go:69","msg":"Shutdown Server ..."}
{"level":"INFO","time":"2021-08-22T21:39:48.373+0800","caller":"bluebell/main.go:78","msg":"Server exiting"}
{"level":"INFO","time":"2021-08-23T16:11:42.218+0800","caller":"bluebell/main.go:78","msg":"Shutdown Server ..."}
{"level":"INFO","time":"2021-08-23T16:11:42.218+0800","caller":"bluebell/main.go:87","msg":"Server exiting"}
{"level":"INFO","time":"2021-08-23T16:12:51.442+0800","caller":"bluebell/main.go:79","msg":"Shutdown Server ..."}
{"level":"INFO","time":"2021-08-23T16:12:51.442+0800","caller":"bluebell/main.go:88","msg":"Server exiting"}
{"level":"INFO","time":"2021-08-23T16:15:48.802+0800","caller":"bluebell/main.go:79","msg":"Shutdown Server ..."}
{"level":"INFO","time":"2021-08-23T16:15:48.806+0800","caller":"bluebell/main.go:88","msg":"Server exiting"}
{"level":"INFO","time":"2021-08-23T18:20:34.815+0800","caller":"logger/logger.go:82","msg":"/ok","status":404,"method":"GET","path":"/ok","query":"","ip":"::1","user-agent":"Mozilla/5.0 (Windows NT 10.0; Win64; x64) AppleWebKit/537.36 (KHTML, like Gecko) Chrome/91.0.4472.114 Safari/537.36","errors":"","cost":0}
{"level":"INFO","time":"2021-08-23T18:20:36.633+0800","caller":"logger/logger.go:82","msg":"/ok","status":404,"method":"GET","path":"/ok","query":"","ip":"::1","user-agent":"Mozilla/5.0 (Windows NT 10.0; Win64; x64) AppleWebKit/537.36 (KHTML, like Gecko) Chrome/91.0.4472.114 Safari/537.36","errors":"","cost":0}
{"level":"INFO","time":"2021-08-23T18:20:40.274+0800","caller":"logger/logger.go:82","msg":"/","status":200,"method":"GET","path":"/","query":"","ip":"::1","user-agent":"Mozilla/5.0 (Windows NT 10.0; Win64; x64) AppleWebKit/537.36 (KHTML, like Gecko) Chrome/91.0.4472.114 Safari/537.36","errors":"","cost":0.0005458}
{"level":"INFO","time":"2021-08-23T18:21:31.410+0800","caller":"logger/logger.go:82","msg":"/","status":200,"method":"GET","path":"/","query":"","ip":"::1","user-agent":"Mozilla/5.0 (Windows NT 10.0; Win64; x64) AppleWebKit/537.36 (KHTML, like Gecko) Chrome/91.0.4472.114 Safari/537.36","errors":"","cost":0.0005198}
{"level":"INFO","time":"2021-08-23T18:22:36.966+0800","caller":"logger/logger.go:82","msg":"/","status":200,"method":"GET","path":"/","query":"","ip":"::1","user-agent":"Mozilla/5.0 (Windows NT 10.0; Win64; x64) AppleWebKit/537.36 (KHTML, like Gecko) Chrome/91.0.4472.114 Safari/537.36","errors":"","cost":0.0003758}
{"level":"INFO","time":"2021-08-23T18:22:49.425+0800","caller":"bluebell/main.go:80","msg":"Shutdown Server ..."}
{"level":"INFO","time":"2021-08-23T18:22:49.435+0800","caller":"bluebell/main.go:89","msg":"Server exiting"}
{"level":"INFO","time":"2021-08-23T18:22:57.001+0800","caller":"logger/logger.go:82","msg":"/","status":200,"method":"GET","path":"/","query":"","ip":"::1","user-agent":"Mozilla/5.0 (Windows NT 10.0; Win64; x64) AppleWebKit/537.36 (KHTML, like Gecko) Chrome/91.0.4472.114 Safari/537.36","errors":"","cost":0}
{"level":"INFO","time":"2021-08-23T18:23:01.745+0800","caller":"bluebell/main.go:80","msg":"Shutdown Server ..."}
{"level":"INFO","time":"2021-08-23T18:23:03.432+0800","caller":"bluebell/main.go:89","msg":"Server exiting"}
{"level":"DEBUG","time":"2021-08-23T18:30:10.091+0800","caller":"bluebell/main.go:67","msg":"Listening and serving HTTP on ","port":8080}
{"level":"INFO","time":"2021-08-23T18:30:15.444+0800","caller":"logger/logger.go:82","msg":"/","status":200,"method":"GET","path":"/","query":"","ip":"::1","user-agent":"Mozilla/5.0 (Windows NT 10.0; Win64; x64) AppleWebKit/537.36 (KHTML, like Gecko) Chrome/91.0.4472.114 Safari/537.36","errors":"","cost":0.0005448}
{"level":"INFO","time":"2021-08-23T18:30:19.637+0800","caller":"bluebell/main.go:84","msg":"Shutdown Server ..."}
{"level":"INFO","time":"2021-08-23T18:30:21.332+0800","caller":"bluebell/main.go:93","msg":"Server exiting"}
{"level":"INFO","time":"2021-08-24T15:19:12.516+0800","caller":"bluebell/main.go:67","msg":"Listening and serving HTTP on ","port":8080}
{"level":"ERROR","time":"2021-08-24T15:20:39.073+0800","caller":"controllers/user.go:20","msg":"[ERRER]SignUp with invalid param","error":"invalid character '-' in numeric literal"}
{"level":"INFO","time":"2021-08-24T15:20:39.074+0800","caller":"logger/logger.go:82","msg":"/signup","status":200,"method":"POST","path":"/signup","query":"","ip":"::1","user-agent":"PostmanRuntime/7.28.3","errors":"","cost":0.0005095}
{"level":"ERROR","time":"2021-08-24T15:21:26.378+0800","caller":"controllers/user.go:20","msg":"[ERRER]SignUp with invalid param","error":"invalid character '}' looking for beginning of object key string"}
{"level":"INFO","time":"2021-08-24T15:21:26.378+0800","caller":"logger/logger.go:82","msg":"/signup","status":200,"method":"POST","path":"/signup","query":"","ip":"::1","user-agent":"PostmanRuntime/7.28.3","errors":"","cost":0.000501}
{"level":"INFO","time":"2021-08-24T15:22:20.117+0800","caller":"logger/logger.go:82","msg":"/signup","status":200,"method":"POST","path":"/signup","query":"","ip":"::1","user-agent":"PostmanRuntime/7.28.3","errors":"","cost":0.0010179}
{"level":"ERROR","time":"2021-08-24T15:22:51.891+0800","caller":"controllers/user.go:20","msg":"[ERRER]SignUp with invalid param","error":"invalid character '-' in numeric literal"}
{"level":"INFO","time":"2021-08-24T15:22:51.892+0800","caller":"logger/logger.go:82","msg":"/signup","status":200,"method":"POST","path":"/signup","query":"","ip":"::1","user-agent":"PostmanRuntime/7.28.3","errors":"","cost":0.0010382}
{"level":"INFO","time":"2021-08-24T16:04:37.373+0800","caller":"bluebell/main.go:84","msg":"Shutdown Server ..."}
{"level":"INFO","time":"2021-08-24T16:04:37.373+0800","caller":"bluebell/main.go:93","msg":"Server exiting"}
{"level":"INFO","time":"2021-08-24T16:04:41.758+0800","caller":"bluebell/main.go:67","msg":"Listening and serving HTTP on ","port":8080}
{"level":"ERROR","time":"2021-08-24T16:04:49.614+0800","caller":"controllers/user.go:20","msg":"[ERRER]SignUp with invalid param","error":"Key: 'ParamSignUp.RePassword' Error:Field validation for 'RePassword' failed on the 'required' tag"}
{"level":"INFO","time":"2021-08-24T16:04:49.614+0800","caller":"logger/logger.go:82","msg":"/signup","status":200,"method":"POST","path":"/signup","query":"","ip":"::1","user-agent":"PostmanRuntime/7.28.3","errors":"","cost":0.0005073}
{"level":"INFO","time":"2021-08-24T17:32:42.450+0800","caller":"bluebell/main.go:84","msg":"Shutdown Server ..."}
{"level":"INFO","time":"2021-08-24T17:32:42.451+0800","caller":"bluebell/main.go:93","msg":"Server exiting"}
{"level":"INFO","time":"2021-08-24T17:36:16.638+0800","caller":"bluebell/main.go:76","msg":"Listening and serving HTTP on ","port":8080}
{"level":"ERROR","time":"2021-08-24T17:36:23.061+0800","caller":"controllers/user.go:32","msg":"[ERRER]SignUp with invalid param","error":"Key: 'ParamSignUp.RePassword' Error:Field validation for 'RePassword' failed on the 'required' tag"}
{"level":"INFO","time":"2021-08-24T17:36:23.061+0800","caller":"logger/logger.go:82","msg":"/signup","status":200,"method":"POST","path":"/signup","query":"","ip":"::1","user-agent":"PostmanRuntime/7.28.3","errors":"","cost":0.0005123}
{"level":"INFO","time":"2021-08-24T17:38:02.029+0800","caller":"bluebell/main.go:93","msg":"Shutdown Server ..."}
{"level":"INFO","time":"2021-08-24T17:38:02.029+0800","caller":"bluebell/main.go:102","msg":"Server exiting"}
{"level":"INFO","time":"2021-08-24T17:38:05.963+0800","caller":"bluebell/main.go:76","msg":"Listening and serving HTTP on ","port":8080}
{"level":"ERROR","time":"2021-08-24T17:38:08.200+0800","caller":"controllers/user.go:32","msg":"[ERRER]SignUp with invalid param","error":"Key: 'ParamSignUp.re_password' Error:Field validation for 're_password' failed on the 'required' tag"}
{"level":"INFO","time":"2021-08-24T17:38:08.200+0800","caller":"logger/logger.go:82","msg":"/signup","status":200,"method":"POST","path":"/signup","query":"","ip":"::1","user-agent":"PostmanRuntime/7.28.3","errors":"","cost":0.0005129}
{"level":"INFO","time":"2021-08-24T17:39:10.805+0800","caller":"bluebell/main.go:93","msg":"Shutdown Server ..."}
{"level":"INFO","time":"2021-08-24T17:39:10.805+0800","caller":"bluebell/main.go:102","msg":"Server exiting"}
{"level":"INFO","time":"2021-08-24T17:39:14.564+0800","caller":"bluebell/main.go:76","msg":"Listening and serving HTTP on ","port":8080}
{"level":"ERROR","time":"2021-08-24T17:39:17.798+0800","caller":"controllers/user.go:32","msg":"[ERRER]SignUp with invalid param","error":"Key: 'ParamSignUp.re_password' Error:Field validation for 're_password' failed on the 'required' tag"}
{"level":"INFO","time":"2021-08-24T17:39:17.798+0800","caller":"logger/logger.go:82","msg":"/signup","status":200,"method":"POST","path":"/signup","query":"","ip":"::1","user-agent":"PostmanRuntime/7.28.3","errors":"","cost":0}
{"level":"INFO","time":"2021-08-24T17:41:30.656+0800","caller":"bluebell/main.go:93","msg":"Shutdown Server ..."}
{"level":"INFO","time":"2021-08-24T17:41:30.656+0800","caller":"bluebell/main.go:102","msg":"Server exiting"}
{"level":"INFO","time":"2021-08-24T17:41:34.653+0800","caller":"bluebell/main.go:76","msg":"Listening and serving HTTP on ","port":8080}
{"level":"ERROR","time":"2021-08-24T17:41:37.313+0800","caller":"logger/logger.go:124","msg":"[Recovery from panic]","error":"Undefined validation function 'required eqfield' on field 'RePassword'","request":"POST /signup HTTP/1.1\r\nHost: localhost:8080\r\nAccept: */*\r\nAccept-Encoding: gzip, deflate, br\r\nConnection: keep-alive\r\nContent-Length: 52\r\nContent-Type: text/plain\r\nPostman-Token: 7ebf0c4d-e1d8-4f92-ab85-606146be6aa0\r\nUser-Agent: PostmanRuntime/7.28.3\r\n\r\n","stack":"goroutine 10 [running]:\nruntime/debug.Stack(0x0, 0xc00034c000, 0xfe)\n\tD:/Program Files/Go/src/runtime/debug/stack.go:24 +0xa5\nbluebell/logger.GinRecovery.func1.1(0xc000312200, 0x1)\n\tC:/Users/Y/Desktop/bluebell/logger/logger.go:127 +0x24a\npanic(0x896f20, 0xc000304220)\n\tD:/Program Files/Go/src/runtime/panic.go:965 +0x1c7\ngithub.com/go-playground/validator/v10.(*Validate).parseFieldTagsRecursive(0xc0004161e0, 0x897e12, 0x19, 0x897dea, 0xa, 0x897e12, 0x0, 0x0, 0x20, 0xc00030e258)\n\tC:/Users/Y/go/pkg/mod/github.com/go-playground/validator/v10@v10.4.1/cache.go:289 +0xf25\ngithub.com/go-playground/validator/v10.(*Validate).extractStructCache(0xc0004161e0, 0x905c00, 0xc000302660, 0x99, 0x856bef, 0xb, 0x0)\n\tC:/Users/Y/go/pkg/mod/github.com/go-playground/validator/v10@v10.4.1/cache.go:150 +0x459\ngithub.com/go-playground/validator/v10.(*validate).validateStruct(0xc000324360, 0xa7e030, 0xc00001c0e0, 0x905c00, 0xc000302660, 0x99, 0x905c00, 0xc000302660, 0x99, 0xa8c020, ...)\n\tC:/Users/Y/go/pkg/mod/github.com/go-playground/validator/v10@v10.4.1/validator.go:37 +0x9e5\ngithub.com/go-playground/validator/v10.(*Validate).StructCtx(0xc0004161e0, 0xa7e030, 0xc00001c0e0, 0x905c00, 0xc000302660, 0xc0001031c0, 0xc0001031c0)\n\tC:/Users/Y/go/pkg/mod/github.com/go-playground/validator/v10@v10.4.1/validator_instance.go:308 +0x39c\ngithub.com/go-playground/validator/v10.(*Validate).Struct(...)\n\tC:/Users/Y/go/pkg/mod/github.com/go-playground/validator/v10@v10.4.1/validator_instance.go:281\ngithub.com/gin-gonic/gin/binding.(*defaultValidator).validateStruct(0xe60030, 0x905c00, 0xc000302660, 0x23e3e7, 0x905c00)\n\tC:/Users/Y/go/pkg/mod/github.com/gin-gonic/gin@v1.7.4/binding/default_validator.go:68 +0x70\ngithub.com/gin-gonic/gin/binding.(*defaultValidator).ValidateStruct(0xe60030, 0x905c00, 0xc000302660, 0x905c01, 0x905c00)\n\tC:/Users/Y/go/pkg/mod/github.com/gin-gonic/gin@v1.7.4/binding/default_validator.go:47 +0x405\ngithub.com/gin-gonic/gin/binding.(*defaultValidator).ValidateStruct(0xe60030, 0x8737e0, 0xc000302540, 0x0, 0x0)\n\tC:/Users/Y/go/pkg/mod/github.com/gin-gonic/gin@v1.7.4/binding/default_validator.go:45 +0x3aa\ngithub.com/gin-gonic/gin/binding.validate(...)\n\tC:/Users/Y/go/pkg/mod/github.com/gin-gonic/gin@v1.7.4/binding/binding.go:117\ngithub.com/gin-gonic/gin/binding.decodeJSON(0x27eec785198, 0xc00030c1c0, 0x8737e0, 0xc000302540, 0xc00030c1c0, 0x1)\n\tC:/Users/Y/go/pkg/mod/github.com/gin-gonic/gin@v1.7.4/binding/json.go:55 +0xe6\ngithub.com/gin-gonic/gin/binding.jsonBinding.Bind(0xc000312100, 0x8737e0, 0xc000302540, 0x20b04e, 0x20f960)\n\tC:/Users/Y/go/pkg/mod/github.com/gin-gonic/gin@v1.7.4/binding/json.go:37 +0xd1\ngithub.com/gin-gonic/gin.(*Context).ShouldBindWith(...)\n\tC:/Users/Y/go/pkg/mod/github.com/gin-gonic/gin@v1.7.4/context.go:703\ngithub.com/gin-gonic/gin.(*Context).ShouldBindJSON(...)\n\tC:/Users/Y/go/pkg/mod/github.com/gin-gonic/gin@v1.7.4/context.go:668\nbluebell/controllers.SignUpHandler(0xc000312200)\n\tC:/Users/Y/Desktop/bluebell/controllers/user.go:20 +0x85\ngithub.com/gin-gonic/gin.(*Context).Next(...)\n\tC:/Users/Y/go/pkg/mod/github.com/gin-gonic/gin@v1.7.4/context.go:165\nbluebell/logger.GinRecovery.func1(0xc000312200)\n\tC:/Users/Y/Desktop/bluebell/logger/logger.go:138 +0x71\ngithub.com/gin-gonic/gin.(*Context).Next(...)\n\tC:/Users/Y/go/pkg/mod/github.com/gin-gonic/gin@v1.7.4/context.go:165\nbluebell/logger.GinLogger.func1(0xc000312200)\n\tC:/Users/Y/Desktop/bluebell/logger/logger.go:79 +0xb6\ngithub.com/gin-gonic/gin.(*Context).Next(...)\n\tC:/Users/Y/go/pkg/mod/github.com/gin-gonic/gin@v1.7.4/context.go:165\ngithub.com/gin-gonic/gin.(*Engine).handleHTTPRequest(0xc000452340, 0xc000312200)\n\tC:/Users/Y/go/pkg/mod/github.com/gin-gonic/gin@v1.7.4/gin.go:489 +0x2b0\ngithub.com/gin-gonic/gin.(*Engine).ServeHTTP(0xc000452340, 0xa7c550, 0xc00033e000, 0xc000312100)\n\tC:/Users/Y/go/pkg/mod/github.com/gin-gonic/gin@v1.7.4/gin.go:445 +0x165\nnet/http.serverHandler.ServeHTTP(0xc0004660e0, 0xa7c550, 0xc00033e000, 0xc000312100)\n\tD:/Program Files/Go/src/net/http/server.go:2887 +0xaa\nnet/http.(*conn).serve(0xc00023d4a0, 0xa7e0a0, 0xc00030c100)\n\tD:/Program Files/Go/src/net/http/server.go:1952 +0x8cd\ncreated by net/http.(*Server).Serve\n\tD:/Program Files/Go/src/net/http/server.go:3013 +0x3b8\n"}
{"level":"INFO","time":"2021-08-24T17:41:37.314+0800","caller":"logger/logger.go:82","msg":"/signup","status":500,"method":"POST","path":"/signup","query":"","ip":"::1","user-agent":"PostmanRuntime/7.28.3","errors":"","cost":0.0010002}
{"level":"ERROR","time":"2021-08-24T17:41:42.646+0800","caller":"logger/logger.go:124","msg":"[Recovery from panic]","error":"Undefined validation function 'required eqfield' on field 'RePassword'","request":"POST /signup HTTP/1.1\r\nHost: localhost:8080\r\nAccept: */*\r\nAccept-Encoding: gzip, deflate, br\r\nConnection: keep-alive\r\nContent-Length: 52\r\nContent-Type: text/plain\r\nPostman-Token: eb735f5b-7a6a-4b0b-8101-4480c1eafef2\r\nUser-Agent: PostmanRuntime/7.28.3\r\n\r\n","stack":"goroutine 10 [running]:\nruntime/debug.Stack(0x0, 0xc00034c140, 0xfe)\n\tD:/Program Files/Go/src/runtime/debug/stack.go:24 +0xa5\nbluebell/logger.GinRecovery.func1.1(0xc000312200, 0x1)\n\tC:/Users/Y/Desktop/bluebell/logger/logger.go:127 +0x24a\npanic(0x896f20, 0xc000304330)\n\tD:/Program Files/Go/src/runtime/panic.go:965 +0x1c7\ngithub.com/go-playground/validator/v10.(*Validate).parseFieldTagsRecursive(0xc0004161e0, 0x897e12, 0x19, 0x897dea, 0xa, 0x897e12, 0x0, 0x0, 0x20, 0xc00030e310)\n\tC:/Users/Y/go/pkg/mod/github.com/go-playground/validator/v10@v10.4.1/cache.go:289 +0xf25\ngithub.com/go-playground/validator/v10.(*Validate).extractStructCache(0xc0004161e0, 0x905c00, 0xc0003027e0, 0x99, 0x856bef, 0xb, 0x0)\n\tC:/Users/Y/go/pkg/mod/github.com/go-playground/validator/v10@v10.4.1/cache.go:150 +0x459\ngithub.com/go-playground/validator/v10.(*validate).validateStruct(0xc0003245a0, 0xa7e030, 0xc00001c0e0, 0x905c00, 0xc0003027e0, 0x99, 0x905c00, 0xc0003027e0, 0x99, 0xa8c020, ...)\n\tC:/Users/Y/go/pkg/mod/github.com/go-playground/validator/v10@v10.4.1/validator.go:37 +0x9e5\ngithub.com/go-playground/validator/v10.(*Validate).StructCtx(0xc0004161e0, 0xa7e030, 0xc00001c0e0, 0x905c00, 0xc0003027e0, 0xc0003551c0, 0xc0003551c0)\n\tC:/Users/Y/go/pkg/mod/github.com/go-playground/validator/v10@v10.4.1/validator_instance.go:308 +0x39c\ngithub.com/go-playground/validator/v10.(*Validate).Struct(...)\n\tC:/Users/Y/go/pkg/mod/github.com/go-playground/validator/v10@v10.4.1/validator_instance.go:281\ngithub.com/gin-gonic/gin/binding.(*defaultValidator).validateStruct(0xe60030, 0x905c00, 0xc0003027e0, 0x23e3e7, 0x905c00)\n\tC:/Users/Y/go/pkg/mod/github.com/gin-gonic/gin@v1.7.4/binding/default_validator.go:68 +0x70\ngithub.com/gin-gonic/gin/binding.(*defaultValidator).ValidateStruct(0xe60030, 0x905c00, 0xc0003027e0, 0x905c01, 0x905c00)\n\tC:/Users/Y/go/pkg/mod/github.com/gin-gonic/gin@v1.7.4/binding/default_validator.go:47 +0x405\ngithub.com/gin-gonic/gin/binding.(*defaultValidator).ValidateStruct(0xe60030, 0x8737e0, 0xc0003027b0, 0x0, 0x0)\n\tC:/Users/Y/go/pkg/mod/github.com/gin-gonic/gin@v1.7.4/binding/default_validator.go:45 +0x3aa\ngithub.com/gin-gonic/gin/binding.validate(...)\n\tC:/Users/Y/go/pkg/mod/github.com/gin-gonic/gin@v1.7.4/binding/binding.go:117\ngithub.com/gin-gonic/gin/binding.decodeJSON(0x27eec785198, 0xc00030c340, 0x8737e0, 0xc0003027b0, 0xc00030c340, 0xc000308301)\n\tC:/Users/Y/go/pkg/mod/github.com/gin-gonic/gin@v1.7.4/binding/json.go:55 +0xe6\ngithub.com/gin-gonic/gin/binding.jsonBinding.Bind(0xc000312300, 0x8737e0, 0xc0003027b0, 0xc000355550, 0x5d7ca5)\n\tC:/Users/Y/go/pkg/mod/github.com/gin-gonic/gin@v1.7.4/binding/json.go:37 +0xd1\ngithub.com/gin-gonic/gin.(*Context).ShouldBindWith(...)\n\tC:/Users/Y/go/pkg/mod/github.com/gin-gonic/gin@v1.7.4/context.go:703\ngithub.com/gin-gonic/gin.(*Context).ShouldBindJSON(...)\n\tC:/Users/Y/go/pkg/mod/github.com/gin-gonic/gin@v1.7.4/context.go:668\nbluebell/controllers.SignUpHandler(0xc000312200)\n\tC:/Users/Y/Desktop/bluebell/controllers/user.go:20 +0x85\ngithub.com/gin-gonic/gin.(*Context).Next(...)\n\tC:/Users/Y/go/pkg/mod/github.com/gin-gonic/gin@v1.7.4/context.go:165\nbluebell/logger.GinRecovery.func1(0xc000312200)\n\tC:/Users/Y/Desktop/bluebell/logger/logger.go:138 +0x71\ngithub.com/gin-gonic/gin.(*Context).Next(...)\n\tC:/Users/Y/go/pkg/mod/github.com/gin-gonic/gin@v1.7.4/context.go:165\nbluebell/logger.GinLogger.func1(0xc000312200)\n\tC:/Users/Y/Desktop/bluebell/logger/logger.go:79 +0xb6\ngithub.com/gin-gonic/gin.(*Context).Next(...)\n\tC:/Users/Y/go/pkg/mod/github.com/gin-gonic/gin@v1.7.4/context.go:165\ngithub.com/gin-gonic/gin.(*Engine).handleHTTPRequest(0xc000452340, 0xc000312200)\n\tC:/Users/Y/go/pkg/mod/github.com/gin-gonic/gin@v1.7.4/gin.go:489 +0x2b0\ngithub.com/gin-gonic/gin.(*Engine).ServeHTTP(0xc000452340, 0xa7c550, 0xc00033e0e0, 0xc000312300)\n\tC:/Users/Y/go/pkg/mod/github.com/gin-gonic/gin@v1.7.4/gin.go:445 +0x165\nnet/http.serverHandler.ServeHTTP(0xc0004660e0, 0xa7c550, 0xc00033e0e0, 0xc000312300)\n\tD:/Program Files/Go/src/net/http/server.go:2887 +0xaa\nnet/http.(*conn).serve(0xc00023d4a0, 0xa7e0a0, 0xc00030c100)\n\tD:/Program Files/Go/src/net/http/server.go:1952 +0x8cd\ncreated by net/http.(*Server).Serve\n\tD:/Program Files/Go/src/net/http/server.go:3013 +0x3b8\n"}
{"level":"INFO","time":"2021-08-24T17:41:42.646+0800","caller":"logger/logger.go:82","msg":"/signup","status":500,"method":"POST","path":"/signup","query":"","ip":"::1","user-agent":"PostmanRuntime/7.28.3","errors":"","cost":0}
{"level":"ERROR","time":"2021-08-24T17:42:43.392+0800","caller":"logger/logger.go:124","msg":"[Recovery from panic]","error":"Undefined validation function 'required eqfield' on field 'RePassword'","request":"POST /signup HTTP/1.1\r\nHost: localhost:8080\r\nAccept: */*\r\nAccept-Encoding: gzip, deflate, br\r\nConnection: keep-alive\r\nContent-Length: 52\r\nContent-Type: text/plain\r\nPostman-Token: 08d8df62-b7d2-41d3-9247-ac00ed122db7\r\nUser-Agent: PostmanRuntime/7.28.3\r\n\r\n","stack":"goroutine 10 [running]:\nruntime/debug.Stack(0x0, 0xc0000d0000, 0xfe)\n\tD:/Program Files/Go/src/runtime/debug/stack.go:24 +0xa5\nbluebell/logger.GinRecovery.func1.1(0xc0000b8200, 0x1)\n\tC:/Users/Y/Desktop/bluebell/logger/logger.go:127 +0x24a\npanic(0x896f20, 0xc00008a120)\n\tD:/Program Files/Go/src/runtime/panic.go:965 +0x1c7\ngithub.com/go-playground/validator/v10.(*Validate).parseFieldTagsRecursive(0xc0004161e0, 0x897e12, 0x19, 0x897dea, 0xa, 0x897e12, 0x0, 0x0, 0x20, 0xc000088150)\n\tC:/Users/Y/go/pkg/mod/github.com/go-playground/validator/v10@v10.4.1/cache.go:289 +0xf25\ngithub.com/go-playground/validator/v10.(*Validate).extractStructCache(0xc0004161e0, 0x905c00, 0xc0000863c0, 0x99, 0x856bef, 0xb, 0x0)\n\tC:/Users/Y/go/pkg/mod/github.com/go-playground/validator/v10@v10.4.1/cache.go:150 +0x459\ngithub.com/go-playground/validator/v10.(*validate).validateStruct(0xc0000c6000, 0xa7e030, 0xc00001c0e0, 0x905c00, 0xc0000863c0, 0x99, 0x905c00, 0xc0000863c0, 0x99, 0xa8c020, ...)\n\tC:/Users/Y/go/pkg/mod/github.com/go-playground/validator/v10@v10.4.1/validator.go:37 +0x9e5\ngithub.com/go-playground/validator/v10.(*Validate).StructCtx(0xc0004161e0, 0xa7e030, 0xc00001c0e0, 0x905c00, 0xc0000863c0, 0xc0003551c0, 0xc0003551c0)\n\tC:/Users/Y/go/pkg/mod/github.com/go-playground/validator/v10@v10.4.1/validator_instance.go:308 +0x39c\ngithub.com/go-playground/validator/v10.(*Validate).Struct(...)\n\tC:/Users/Y/go/pkg/mod/github.com/go-playground/validator/v10@v10.4.1/validator_instance.go:281\ngithub.com/gin-gonic/gin/binding.(*defaultValidator).validateStruct(0xe60030, 0x905c00, 0xc0000863c0, 0x23e3e7, 0x905c00)\n\tC:/Users/Y/go/pkg/mod/github.com/gin-gonic/gin@v1.7.4/binding/default_validator.go:68 +0x70\ngithub.com/gin-gonic/gin/binding.(*defaultValidator).ValidateStruct(0xe60030, 0x905c00, 0xc0000863c0, 0x905c01, 0x905c00)\n\tC:/Users/Y/go/pkg/mod/github.com/gin-gonic/gin@v1.7.4/binding/default_validator.go:47 +0x405\ngithub.com/gin-gonic/gin/binding.(*defaultValidator).ValidateStruct(0xe60030, 0x8737e0, 0xc000086390, 0x0, 0x0)\n\tC:/Users/Y/go/pkg/mod/github.com/gin-gonic/gin@v1.7.4/binding/default_validator.go:45 +0x3aa\ngithub.com/gin-gonic/gin/binding.validate(...)\n\tC:/Users/Y/go/pkg/mod/github.com/gin-gonic/gin@v1.7.4/binding/binding.go:117\ngithub.com/gin-gonic/gin/binding.decodeJSON(0x27eec785198, 0xc000090080, 0x8737e0, 0xc000086390, 0xc000090080, 0xc000308301)\n\tC:/Users/Y/go/pkg/mod/github.com/gin-gonic/gin@v1.7.4/binding/json.go:55 +0xe6\ngithub.com/gin-gonic/gin/binding.jsonBinding.Bind(0xc0000b8100, 0x8737e0, 0xc000086390, 0xc000355550, 0x5d7ca5)\n\tC:/Users/Y/go/pkg/mod/github.com/gin-gonic/gin@v1.7.4/binding/json.go:37 +0xd1\ngithub.com/gin-gonic/gin.(*Context).ShouldBindWith(...)\n\tC:/Users/Y/go/pkg/mod/github.com/gin-gonic/gin@v1.7.4/context.go:703\ngithub.com/gin-gonic/gin.(*Context).ShouldBindJSON(...)\n\tC:/Users/Y/go/pkg/mod/github.com/gin-gonic/gin@v1.7.4/context.go:668\nbluebell/controllers.SignUpHandler(0xc0000b8200)\n\tC:/Users/Y/Desktop/bluebell/controllers/user.go:20 +0x85\ngithub.com/gin-gonic/gin.(*Context).Next(...)\n\tC:/Users/Y/go/pkg/mod/github.com/gin-gonic/gin@v1.7.4/context.go:165\nbluebell/logger.GinRecovery.func1(0xc0000b8200)\n\tC:/Users/Y/Desktop/bluebell/logger/logger.go:138 +0x71\ngithub.com/gin-gonic/gin.(*Context).Next(...)\n\tC:/Users/Y/go/pkg/mod/github.com/gin-gonic/gin@v1.7.4/context.go:165\nbluebell/logger.GinLogger.func1(0xc0000b8200)\n\tC:/Users/Y/Desktop/bluebell/logger/logger.go:79 +0xb6\ngithub.com/gin-gonic/gin.(*Context).Next(...)\n\tC:/Users/Y/go/pkg/mod/github.com/gin-gonic/gin@v1.7.4/context.go:165\ngithub.com/gin-gonic/gin.(*Engine).handleHTTPRequest(0xc000452340, 0xc0000b8200)\n\tC:/Users/Y/go/pkg/mod/github.com/gin-gonic/gin@v1.7.4/gin.go:489 +0x2b0\ngithub.com/gin-gonic/gin.(*Engine).ServeHTTP(0xc000452340, 0xa7c550, 0xc0000c0000, 0xc0000b8100)\n\tC:/Users/Y/go/pkg/mod/github.com/gin-gonic/gin@v1.7.4/gin.go:445 +0x165\nnet/http.serverHandler.ServeHTTP(0xc0004660e0, 0xa7c550, 0xc0000c0000, 0xc0000b8100)\n\tD:/Program Files/Go/src/net/http/server.go:2887 +0xaa\nnet/http.(*conn).serve(0xc00023d4a0, 0xa7e0a0, 0xc00030c100)\n\tD:/Program Files/Go/src/net/http/server.go:1952 +0x8cd\ncreated by net/http.(*Server).Serve\n\tD:/Program Files/Go/src/net/http/server.go:3013 +0x3b8\n"}
{"level":"INFO","time":"2021-08-24T17:42:43.392+0800","caller":"logger/logger.go:82","msg":"/signup","status":500,"method":"POST","path":"/signup","query":"","ip":"::1","user-agent":"PostmanRuntime/7.28.3","errors":"","cost":0}
{"level":"INFO","time":"2021-08-24T17:43:16.347+0800","caller":"bluebell/main.go:93","msg":"Shutdown Server ..."}
{"level":"INFO","time":"2021-08-24T17:43:16.350+0800","caller":"bluebell/main.go:102","msg":"Server exiting"}
{"level":"INFO","time":"2021-08-24T17:43:20.286+0800","caller":"bluebell/main.go:76","msg":"Listening and serving HTTP on ","port":8080}
{"level":"ERROR","time":"2021-08-24T17:43:22.972+0800","caller":"controllers/user.go:32","msg":"[ERRER]SignUp with invalid param","error":"Key: 'ParamSignUp.re_password' Error:Field validation for 're_password' failed on the 'required' tag"}
{"level":"INFO","time":"2021-08-24T17:43:22.972+0800","caller":"logger/logger.go:82","msg":"/signup","status":200,"method":"POST","path":"/signup","query":"","ip":"::1","user-agent":"PostmanRuntime/7.28.3","errors":"","cost":0.0005198}
{"level":"ERROR","time":"2021-08-24T17:43:38.069+0800","caller":"controllers/user.go:32","msg":"[ERRER]SignUp with invalid param","error":"Key: 'ParamSignUp.re_password' Error:Field validation for 're_password' failed on the 'eqfield' tag"}
{"level":"INFO","time":"2021-08-24T17:43:38.070+0800","caller":"logger/logger.go:82","msg":"/signup","status":200,"method":"POST","path":"/signup","query":"","ip":"::1","user-agent":"PostmanRuntime/7.28.3","errors":"","cost":0.0010009}
{"level":"INFO","time":"2021-08-24T17:43:49.938+0800","caller":"logger/logger.go:82","msg":"/signup","status":200,"method":"POST","path":"/signup","query":"","ip":"::1","user-agent":"PostmanRuntime/7.28.3","errors":"","cost":0.000758}
{"level":"INFO","time":"2021-08-24T17:53:37.285+0800","caller":"bluebell/main.go:93","msg":"Shutdown Server ..."}
{"level":"INFO","time":"2021-08-24T17:53:37.291+0800","caller":"bluebell/main.go:102","msg":"Server exiting"}
{"level":"INFO","time":"2021-08-25T15:36:44.687+0800","caller":"bluebell/main.go:76","msg":"Listening and serving HTTP on ","port":8080}
{"level":"INFO","time":"2021-08-25T15:37:43.117+0800","caller":"bluebell/main.go:93","msg":"Shutdown Server ..."}
{"level":"INFO","time":"2021-08-25T15:37:43.117+0800","caller":"bluebell/main.go:102","msg":"Server exiting"}
{"level":"INFO","time":"2021-08-25T15:37:46.226+0800","caller":"bluebell/main.go:76","msg":"Listening and serving HTTP on ","port":8080}
{"level":"INFO","time":"2021-08-25T15:38:15.253+0800","caller":"logger/logger.go:82","msg":"/signup","status":200,"method":"POST","path":"/signup","query":"","ip":"::1","user-agent":"PostmanRuntime/7.28.3","errors":"","cost":0.0267675}
{"level":"INFO","time":"2021-08-25T15:38:57.670+0800","caller":"logger/logger.go:82","msg":"/signup","status":200,"method":"POST","path":"/signup","query":"","ip":"::1","user-agent":"PostmanRuntime/7.28.3","errors":"","cost":0.0008323}
{"level":"INFO","time":"2021-08-25T15:59:19.090+0800","caller":"bluebell/main.go:93","msg":"Shutdown Server ..."}
{"level":"INFO","time":"2021-08-25T15:59:19.090+0800","caller":"bluebell/main.go:102","msg":"Server exiting"}
{"level":"INFO","time":"2021-08-25T15:59:23.530+0800","caller":"logger/logger.go:52","msg":"init logger success"}
{"level":"INFO","time":"2021-08-25T15:59:23.533+0800","caller":"bluebell/main.go:76","msg":"Listening and serving HTTP on ","port":8080}
{"level":"INFO","time":"2021-08-25T15:59:47.935+0800","caller":"logger/logger.go:94","msg":"/signup","status":200,"method":"POST","path":"/signup","query":"","ip":"::1","user-agent":"PostmanRuntime/7.28.4","errors":"","cost":0.0015115}
{"level":"ERROR","time":"2021-08-25T16:00:25.662+0800","caller":"controllers/user.go:32","msg":"[ERRER]SignUp with invalid param","error":"Key: 'ParamSignUp.re_password' Error:Field validation for 're_password' failed on the 'eqfield' tag"}
{"level":"INFO","time":"2021-08-25T16:00:25.662+0800","caller":"logger/logger.go:94","msg":"/signup","status":200,"method":"POST","path":"/signup","query":"","ip":"::1","user-agent":"PostmanRuntime/7.28.4","errors":"","cost":0.0005203}
{"level":"INFO","time":"2021-08-25T16:01:04.973+0800","caller":"logger/logger.go:94","msg":"/signup","status":200,"method":"POST","path":"/signup","query":"","ip":"::1","user-agent":"PostmanRuntime/7.28.4","errors":"","cost":0.0010006}
{"level":"INFO","time":"2021-08-25T16:01:37.001+0800","caller":"logger/logger.go:94","msg":"/signup","status":200,"method":"POST","path":"/signup","query":"","ip":"::1","user-agent":"PostmanRuntime/7.28.4","errors":"","cost":0.0007999}
{"level":"INFO","time":"2021-08-25T16:01:40.301+0800","caller":"bluebell/main.go:93","msg":"Shutdown Server ..."}
{"level":"INFO","time":"2021-08-25T16:01:40.314+0800","caller":"bluebell/main.go:102","msg":"Server exiting"}
{"level":"INFO","time":"2021-08-25T16:01:46.144+0800","caller":"logger/logger.go:52","msg":"init logger success"}
{"level":"INFO","time":"2021-08-25T16:01:46.147+0800","caller":"bluebell/main.go:76","msg":"Listening and serving HTTP on ","port":8080}
{"level":"INFO","time":"2021-08-25T16:01:49.233+0800","caller":"logger/logger.go:94","msg":"/signup","status":200,"method":"POST","path":"/signup","query":"","ip":"::1","user-agent":"PostmanRuntime/7.28.4","errors":"","cost":0.0010257}
{"level":"INFO","time":"2021-08-25T16:03:43.409+0800","caller":"bluebell/main.go:93","msg":"Shutdown Server ..."}
{"level":"INFO","time":"2021-08-25T16:03:43.410+0800","caller":"bluebell/main.go:102","msg":"Server exiting"}
{"level":"INFO","time":"2021-08-25T16:03:47.363+0800","caller":"logger/logger.go:52","msg":"init logger success"}
{"level":"INFO","time":"2021-08-25T16:03:47.366+0800","caller":"bluebell/main.go:76","msg":"Listening and serving HTTP on ","port":8080}
{"level":"INFO","time":"2021-08-25T16:03:50.934+0800","caller":"logger/logger.go:94","msg":"/signup","status":200,"method":"POST","path":"/signup","query":"","ip":"::1","user-agent":"PostmanRuntime/7.28.4","errors":"","cost":0.0005136}
{"level":"ERROR","time":"2021-08-25T16:05:26.991+0800","caller":"controllers/user.go:22","msg":"[ERRER]SignUp with invalid param","error":"Key: 'ParamSignUp.re_password' Error:Field validation for 're_password' failed on the 'eqfield' tag"}
{"level":"INFO","time":"2021-08-25T16:05:26.991+0800","caller":"logger/logger.go:94","msg":"/signup","status":200,"method":"POST","path":"/signup","query":"","ip":"::1","user-agent":"PostmanRuntime/7.28.4","errors":"","cost":0.000713}
{"level":"INFO","time":"2021-08-25T16:06:06.181+0800","caller":"bluebell/main.go:93","msg":"Shutdown Server ..."}
{"level":"INFO","time":"2021-08-25T16:06:06.182+0800","caller":"bluebell/main.go:102","msg":"Server exiting"}
{"level":"INFO","time":"2021-08-25T16:06:10.298+0800","caller":"logger/logger.go:52","msg":"init logger success"}
{"level":"INFO","time":"2021-08-25T16:06:10.300+0800","caller":"bluebell/main.go:76","msg":"Listening and serving HTTP on ","port":8080}
{"level":"ERROR","time":"2021-08-25T16:06:12.289+0800","caller":"mysql/user.go:23","msg":"用户已存在"}
{"level":"INFO","time":"2021-08-25T16:06:12.289+0800","caller":"logger/logger.go:94","msg":"/signup","status":200,"method":"POST","path":"/signup","query":"","ip":"::1","user-agent":"PostmanRuntime/7.28.4","errors":"","cost":0.0014845}
{"level":"INFO","time":"2021-08-25T16:49:20.585+0800","caller":"bluebell/main.go:93","msg":"Shutdown Server ..."}
{"level":"INFO","time":"2021-08-25T16:49:20.586+0800","caller":"bluebell/main.go:102","msg":"Server exiting"}
{"level":"INFO","time":"2021-08-25T16:49:24.501+0800","caller":"logger/logger.go:52","msg":"init logger success"}
{"level":"INFO","time":"2021-08-25T16:49:24.506+0800","caller":"bluebell/main.go:76","msg":"Listening and serving HTTP on ","port":8080}
{"level":"ERROR","time":"2021-08-25T16:49:28.509+0800","caller":"mysql/user.go:24","msg":"用户已存在"}
{"level":"ERROR","time":"2021-08-25T16:49:28.509+0800","caller":"controllers/user.go:50","msg":"login.SignUp failed","error":"用户已存在！"}
{"level":"INFO","time":"2021-08-25T16:49:28.510+0800","caller":"logger/logger.go:94","msg":"/signup","status":200,"method":"POST","path":"/signup","query":"","ip":"::1","user-agent":"PostmanRuntime/7.28.4","errors":"","cost":0.0018973}
{"level":"INFO","time":"2021-08-25T16:50:35.886+0800","caller":"bluebell/main.go:93","msg":"Shutdown Server ..."}
{"level":"INFO","time":"2021-08-25T16:50:35.886+0800","caller":"bluebell/main.go:102","msg":"Server exiting"}
{"level":"INFO","time":"2021-08-25T16:50:39.911+0800","caller":"logger/logger.go:52","msg":"init logger success"}
{"level":"INFO","time":"2021-08-25T16:50:39.914+0800","caller":"bluebell/main.go:76","msg":"Listening and serving HTTP on ","port":8080}
{"level":"INFO","time":"2021-08-25T16:51:35.642+0800","caller":"logger/logger.go:94","msg":"/login","status":200,"method":"POST","path":"/login","query":"","ip":"::1","user-agent":"PostmanRuntime/7.28.4","errors":"","cost":0.0017823}
{"level":"ERROR","time":"2021-08-25T16:51:51.078+0800","caller":"controllers/user.go:85","msg":"[ERRER]logic.Login failed","error":"用户不存在"}
{"level":"INFO","time":"2021-08-25T16:51:51.078+0800","caller":"logger/logger.go:94","msg":"/login","status":200,"method":"POST","path":"/login","query":"","ip":"::1","user-agent":"PostmanRuntime/7.28.4","errors":"","cost":0}
{"level":"INFO","time":"2021-08-25T16:52:48.470+0800","caller":"bluebell/main.go:93","msg":"Shutdown Server ..."}
{"level":"INFO","time":"2021-08-25T16:52:48.470+0800","caller":"bluebell/main.go:102","msg":"Server exiting"}
{"level":"INFO","time":"2021-08-25T16:52:52.297+0800","caller":"logger/logger.go:52","msg":"init logger success"}
{"level":"INFO","time":"2021-08-25T16:52:52.300+0800","caller":"bluebell/main.go:76","msg":"Listening and serving HTTP on ","port":8080}
{"level":"ERROR","time":"2021-08-25T16:52:54.647+0800","caller":"controllers/user.go:85","msg":"[ERRER]logic.Login failed","username":"1234","error":"用户不存在"}
{"level":"INFO","time":"2021-08-25T16:52:54.647+0800","caller":"logger/logger.go:94","msg":"/login","status":200,"method":"POST","path":"/login","query":"","ip":"::1","user-agent":"PostmanRuntime/7.28.4","errors":"","cost":0.0013428}
{"level":"INFO","time":"2021-08-25T16:55:09.451+0800","caller":"bluebell/main.go:93","msg":"Shutdown Server ..."}
{"level":"INFO","time":"2021-08-25T16:55:09.452+0800","caller":"bluebell/main.go:102","msg":"Server exiting"}
{"level":"INFO","time":"2021-08-26T19:10:13.796+0800","caller":"logger/logger.go:52","msg":"init logger success"}
{"level":"INFO","time":"2021-08-26T19:10:13.819+0800","caller":"bluebell/main.go:76","msg":"Listening and serving HTTP on ","port":8080}
{"level":"ERROR","time":"2021-08-26T19:10:39.132+0800","caller":"controllers/user.go:92","msg":"[ERRER]logic.Login failed","username":"1234","error":"用户不存在"}
{"level":"INFO","time":"2021-08-26T19:10:39.132+0800","caller":"logger/logger.go:94","msg":"/login","status":200,"method":"POST","path":"/login","query":"","ip":"::1","user-agent":"PostmanRuntime/7.28.4","errors":"","cost":0.0183329}
{"level":"INFO","time":"2021-08-26T19:11:00.236+0800","caller":"logger/logger.go:94","msg":"/login","status":200,"method":"POST","path":"/login","query":"","ip":"::1","user-agent":"PostmanRuntime/7.28.4","errors":"","cost":0.0019204}
{"level":"INFO","time":"2021-08-26T20:03:34.520+0800","caller":"bluebell/main.go:93","msg":"Shutdown Server ..."}
{"level":"INFO","time":"2021-08-26T20:03:34.521+0800","caller":"bluebell/main.go:102","msg":"Server exiting"}
{"level":"INFO","time":"2021-08-27T15:56:47.826+0800","caller":"logger/logger.go:52","msg":"init logger success"}
{"level":"INFO","time":"2021-08-27T15:56:47.831+0800","caller":"bluebell/main.go:76","msg":"Listening and serving HTTP on ","port":8080}
{"level":"INFO","time":"2021-08-27T15:57:13.070+0800","caller":"logger/logger.go:94","msg":"/login","status":200,"method":"POST","path":"/login","query":"","ip":"::1","user-agent":"PostmanRuntime/7.28.4","errors":"","cost":0.0005164}
{"level":"INFO","time":"2021-08-27T15:57:29.131+0800","caller":"logger/logger.go:94","msg":"/login","status":200,"method":"POST","path":"/login","query":"","ip":"::1","user-agent":"PostmanRuntime/7.28.4","errors":"","cost":0}
{"level":"INFO","time":"2021-08-27T15:58:46.692+0800","caller":"logger/logger.go:94","msg":"/api/v1/login","status":200,"method":"POST","path":"/api/v1/login","query":"","ip":"::1","user-agent":"PostmanRuntime/7.28.4","errors":"","cost":0.0065432}
{"level":"INFO","time":"2021-08-27T15:59:29.292+0800","caller":"logger/logger.go:94","msg":"/api/v1/community","status":200,"method":"GET","path":"/api/v1/community","query":"","ip":"127.0.0.1","user-agent":"PostmanRuntime/7.28.4","errors":"","cost":0.0009893}
{"level":"INFO","time":"2021-08-27T15:59:56.628+0800","caller":"bluebell/main.go:93","msg":"Shutdown Server ..."}
{"level":"INFO","time":"2021-08-27T15:59:56.633+0800","caller":"bluebell/main.go:102","msg":"Server exiting"}
{"level":"INFO","time":"2021-08-27T16:00:04.431+0800","caller":"logger/logger.go:52","msg":"init logger success"}
{"level":"INFO","time":"2021-08-27T16:00:04.434+0800","caller":"bluebell/main.go:76","msg":"Listening and serving HTTP on ","port":8080}
{"level":"INFO","time":"2021-08-27T16:00:15.192+0800","caller":"logger/logger.go:94","msg":"/api/v1/community","status":200,"method":"GET","path":"/api/v1/community","query":"","ip":"127.0.0.1","user-agent":"PostmanRuntime/7.28.4","errors":"","cost":0.0010232}
{"level":"INFO","time":"2021-08-27T16:00:27.875+0800","caller":"bluebell/main.go:93","msg":"Shutdown Server ..."}
{"level":"INFO","time":"2021-08-27T16:00:27.875+0800","caller":"bluebell/main.go:102","msg":"Server exiting"}
{"level":"INFO","time":"2021-08-27T16:04:17.209+0800","caller":"logger/logger.go:52","msg":"init logger success"}
{"level":"INFO","time":"2021-08-27T16:04:17.212+0800","caller":"bluebell/main.go:76","msg":"Listening and serving HTTP on ","port":8080}
{"level":"ERROR","time":"2021-08-27T16:04:23.872+0800","caller":"controllers/user.go:92","msg":"[ERRER]logic.Login failed","username":"123","error":"scannable dest type ptr with >1 columns (3) in result"}
{"level":"INFO","time":"2021-08-27T16:04:23.872+0800","caller":"logger/logger.go:94","msg":"/api/v1/login","status":200,"method":"POST","path":"/api/v1/login","query":"","ip":"::1","user-agent":"PostmanRuntime/7.28.4","errors":"","cost":0.0032569}
{"level":"INFO","time":"2021-08-27T16:05:54.237+0800","caller":"bluebell/main.go:93","msg":"Shutdown Server ..."}
{"level":"INFO","time":"2021-08-27T16:05:54.237+0800","caller":"bluebell/main.go:102","msg":"Server exiting"}
{"level":"INFO","time":"2021-08-27T23:37:14.327+0800","caller":"logger/logger.go:52","msg":"init logger success"}
{"level":"INFO","time":"2021-08-27T23:37:14.341+0800","caller":"bluebell/main.go:76","msg":"Listening and serving HTTP on ","port":8080}
{"level":"INFO","time":"2021-08-27T23:37:41.421+0800","caller":"logger/logger.go:94","msg":"/api/v1/login","status":200,"method":"POST","path":"/api/v1/login","query":"","ip":"::1","user-agent":"PostmanRuntime/7.28.4","errors":"","cost":0.0139889}
{"level":"INFO","time":"2021-08-27T23:37:57.373+0800","caller":"logger/logger.go:94","msg":"/api/v1/community","status":200,"method":"GET","path":"/api/v1/community","query":"","ip":"127.0.0.1","user-agent":"PostmanRuntime/7.28.4","errors":"","cost":0.0067877}
{"level":"INFO","time":"2021-08-27T23:38:12.981+0800","caller":"bluebell/main.go:93","msg":"Shutdown Server ..."}
{"level":"INFO","time":"2021-08-27T23:38:12.981+0800","caller":"bluebell/main.go:102","msg":"Server exiting"}
{"level":"INFO","time":"2021-08-27T23:38:16.759+0800","caller":"logger/logger.go:52","msg":"init logger success"}
{"level":"INFO","time":"2021-08-27T23:38:16.762+0800","caller":"bluebell/main.go:76","msg":"Listening and serving HTTP on ","port":8080}
{"level":"INFO","time":"2021-08-27T23:38:19.534+0800","caller":"logger/logger.go:94","msg":"/api/v1/community","status":200,"method":"GET","path":"/api/v1/community","query":"","ip":"127.0.0.1","user-agent":"PostmanRuntime/7.28.4","errors":"","cost":0.0010206}
{"level":"INFO","time":"2021-08-27T23:42:08.638+0800","caller":"bluebell/main.go:93","msg":"Shutdown Server ..."}
{"level":"INFO","time":"2021-08-27T23:42:08.638+0800","caller":"bluebell/main.go:102","msg":"Server exiting"}
{"level":"INFO","time":"2021-08-27T23:42:12.220+0800","caller":"logger/logger.go:52","msg":"init logger success"}
{"level":"INFO","time":"2021-08-27T23:42:12.223+0800","caller":"bluebell/main.go:76","msg":"Listening and serving HTTP on ","port":8080}
{"level":"INFO","time":"2021-08-27T23:42:14.468+0800","caller":"logger/logger.go:94","msg":"/api/v1/community","status":200,"method":"GET","path":"/api/v1/community","query":"","ip":"127.0.0.1","user-agent":"PostmanRuntime/7.28.4","errors":"","cost":0.0005055}
{"level":"INFO","time":"2021-08-27T23:42:34.104+0800","caller":"bluebell/main.go:93","msg":"Shutdown Server ..."}
{"level":"INFO","time":"2021-08-27T23:42:34.119+0800","caller":"bluebell/main.go:102","msg":"Server exiting"}
{"level":"INFO","time":"2021-09-08T21:33:06.016+0800","caller":"logger/logger.go:52","msg":"init logger success"}
{"level":"INFO","time":"2021-09-08T21:33:06.043+0800","caller":"bluebell/main.go:76","msg":"Listening and serving HTTP on ","port":8080}
{"level":"INFO","time":"2021-09-08T21:33:29.504+0800","caller":"logger/logger.go:94","msg":"/api/v1/login","status":200,"method":"POST","path":"/api/v1/login","query":"","ip":"::1","user-agent":"PostmanRuntime/7.28.4","errors":"","cost":0.0320885}
{"level":"INFO","time":"2021-09-08T21:33:59.151+0800","caller":"logger/logger.go:94","msg":"/api/v1/community","status":200,"method":"GET","path":"/api/v1/community","query":"id=1","ip":"127.0.0.1","user-agent":"PostmanRuntime/7.28.4","errors":"","cost":0.0055052}
{"level":"INFO","time":"2021-09-08T21:34:44.977+0800","caller":"logger/logger.go:94","msg":"/api/v1/community","status":200,"method":"GET","path":"/api/v1/community","query":"id=1","ip":"127.0.0.1","user-agent":"PostmanRuntime/7.28.4","errors":"","cost":0.0012778}
{"level":"ERROR","time":"2021-09-08T21:35:21.126+0800","caller":"controllers/community.go:39","msg":"logic.GetCommunityDetail failed","error":"nil pointer passed to StructScan destination"}
{"level":"INFO","time":"2021-09-08T21:35:21.126+0800","caller":"logger/logger.go:94","msg":"/api/v1/community/1","status":200,"method":"GET","path":"/api/v1/community/1","query":"","ip":"127.0.0.1","user-agent":"PostmanRuntime/7.28.4","errors":"","cost":0.0064302}
{"level":"INFO","time":"2021-09-08T21:38:23.463+0800","caller":"bluebell/main.go:93","msg":"Shutdown Server ..."}
{"level":"INFO","time":"2021-09-08T21:38:23.479+0800","caller":"bluebell/main.go:102","msg":"Server exiting"}
{"level":"INFO","time":"2021-09-08T21:38:29.407+0800","caller":"logger/logger.go:52","msg":"init logger success"}
{"level":"INFO","time":"2021-09-08T21:38:29.411+0800","caller":"bluebell/main.go:76","msg":"Listening and serving HTTP on ","port":8080}
{"level":"ERROR","time":"2021-09-08T21:38:31.998+0800","caller":"controllers/community.go:39","msg":"logic.GetCommunityDetail failed","error":"nil pointer passed to StructScan destination"}
{"level":"INFO","time":"2021-09-08T21:38:31.998+0800","caller":"logger/logger.go:94","msg":"/api/v1/community/1","status":200,"method":"GET","path":"/api/v1/community/1","query":"","ip":"127.0.0.1","user-agent":"PostmanRuntime/7.28.4","errors":"","cost":0.0012154}
{"level":"INFO","time":"2021-09-08T21:39:04.743+0800","caller":"bluebell/main.go:93","msg":"Shutdown Server ..."}
{"level":"INFO","time":"2021-09-08T21:39:04.743+0800","caller":"bluebell/main.go:102","msg":"Server exiting"}
{"level":"INFO","time":"2021-09-08T21:39:08.290+0800","caller":"logger/logger.go:52","msg":"init logger success"}
{"level":"INFO","time":"2021-09-08T21:39:08.294+0800","caller":"bluebell/main.go:76","msg":"Listening and serving HTTP on ","port":8080}
{"level":"ERROR","time":"2021-09-08T21:39:10.744+0800","caller":"controllers/community.go:39","msg":"logic.GetCommunityDetail failed","error":"nil pointer passed to StructScan destination"}
{"level":"INFO","time":"2021-09-08T21:39:10.744+0800","caller":"logger/logger.go:94","msg":"/api/v1/community/1","status":200,"method":"GET","path":"/api/v1/community/1","query":"","ip":"127.0.0.1","user-agent":"PostmanRuntime/7.28.4","errors":"","cost":0.0006719}
{"level":"INFO","time":"2021-09-08T21:40:41.960+0800","caller":"bluebell/main.go:93","msg":"Shutdown Server ..."}
{"level":"INFO","time":"2021-09-08T21:40:41.960+0800","caller":"bluebell/main.go:102","msg":"Server exiting"}
{"level":"INFO","time":"2021-09-08T21:40:45.898+0800","caller":"logger/logger.go:52","msg":"init logger success"}
{"level":"INFO","time":"2021-09-08T21:40:45.902+0800","caller":"bluebell/main.go:76","msg":"Listening and serving HTTP on ","port":8080}
{"level":"ERROR","time":"2021-09-08T21:40:48.163+0800","caller":"controllers/community.go:39","msg":"logic.GetCommunityDetail failed","error":"scannable dest type ptr with >1 columns (4) in result"}
{"level":"INFO","time":"2021-09-08T21:40:48.163+0800","caller":"logger/logger.go:94","msg":"/api/v1/community/1","status":200,"method":"GET","path":"/api/v1/community/1","query":"","ip":"127.0.0.1","user-agent":"PostmanRuntime/7.28.4","errors":"","cost":0.0010255}
{"level":"INFO","time":"2021-09-08T21:44:29.759+0800","caller":"bluebell/main.go:93","msg":"Shutdown Server ..."}
{"level":"INFO","time":"2021-09-08T21:44:29.759+0800","caller":"bluebell/main.go:102","msg":"Server exiting"}
{"level":"INFO","time":"2021-09-08T21:44:32.914+0800","caller":"logger/logger.go:52","msg":"init logger success"}
{"level":"INFO","time":"2021-09-08T21:44:32.917+0800","caller":"bluebell/main.go:76","msg":"Listening and serving HTTP on ","port":8080}
{"level":"ERROR","time":"2021-09-08T21:44:35.621+0800","caller":"controllers/community.go:39","msg":"logic.GetCommunityDetail failed","error":"scannable dest type ptr with >1 columns (4) in result"}
{"level":"INFO","time":"2021-09-08T21:44:35.621+0800","caller":"logger/logger.go:94","msg":"/api/v1/community/1","status":200,"method":"GET","path":"/api/v1/community/1","query":"","ip":"127.0.0.1","user-agent":"PostmanRuntime/7.28.4","errors":"","cost":0.0007339}
{"level":"INFO","time":"2021-09-08T21:44:48.935+0800","caller":"bluebell/main.go:93","msg":"Shutdown Server ..."}
{"level":"INFO","time":"2021-09-08T21:44:48.944+0800","caller":"bluebell/main.go:102","msg":"Server exiting"}
{"level":"INFO","time":"2021-09-08T21:44:52.456+0800","caller":"logger/logger.go:52","msg":"init logger success"}
{"level":"INFO","time":"2021-09-08T21:44:52.460+0800","caller":"bluebell/main.go:76","msg":"Listening and serving HTTP on ","port":8080}
{"level":"ERROR","time":"2021-09-08T21:44:55.272+0800","caller":"controllers/community.go:39","msg":"logic.GetCommunityDetail failed","error":"nil pointer passed to StructScan destination"}
{"level":"INFO","time":"2021-09-08T21:44:55.272+0800","caller":"logger/logger.go:94","msg":"/api/v1/community/1","status":200,"method":"GET","path":"/api/v1/community/1","query":"","ip":"127.0.0.1","user-agent":"PostmanRuntime/7.28.4","errors":"","cost":0.000823}
{"level":"INFO","time":"2021-09-08T21:47:50.355+0800","caller":"bluebell/main.go:93","msg":"Shutdown Server ..."}
{"level":"INFO","time":"2021-09-08T21:47:50.355+0800","caller":"bluebell/main.go:102","msg":"Server exiting"}
{"level":"INFO","time":"2021-09-08T21:47:54.643+0800","caller":"logger/logger.go:52","msg":"init logger success"}
{"level":"INFO","time":"2021-09-08T21:47:54.646+0800","caller":"bluebell/main.go:76","msg":"Listening and serving HTTP on ","port":8080}
{"level":"INFO","time":"2021-09-08T21:47:57.463+0800","caller":"logger/logger.go:94","msg":"/api/v1/community/1","status":200,"method":"GET","path":"/api/v1/community/1","query":"","ip":"127.0.0.1","user-agent":"PostmanRuntime/7.28.4","errors":"","cost":0.0011516}
{"level":"INFO","time":"2021-09-08T21:51:39.079+0800","caller":"bluebell/main.go:93","msg":"Shutdown Server ..."}
{"level":"INFO","time":"2021-09-08T21:51:39.085+0800","caller":"bluebell/main.go:102","msg":"Server exiting"}
{"level":"INFO","time":"2021-09-08T21:51:43.164+0800","caller":"logger/logger.go:52","msg":"init logger success"}
{"level":"INFO","time":"2021-09-08T21:51:43.168+0800","caller":"bluebell/main.go:76","msg":"Listening and serving HTTP on ","port":8080}
{"level":"ERROR","time":"2021-09-08T21:51:45.108+0800","caller":"controllers/community.go:39","msg":"logic.GetCommunityDetail failed","error":"nil pointer passed to StructScan destination"}
{"level":"INFO","time":"2021-09-08T21:51:45.108+0800","caller":"logger/logger.go:94","msg":"/api/v1/community/1","status":200,"method":"GET","path":"/api/v1/community/1","query":"","ip":"127.0.0.1","user-agent":"PostmanRuntime/7.28.4","errors":"","cost":0.0025069}
{"level":"INFO","time":"2021-09-08T21:54:29.084+0800","caller":"bluebell/main.go:93","msg":"Shutdown Server ..."}
{"level":"INFO","time":"2021-09-08T21:54:29.099+0800","caller":"bluebell/main.go:102","msg":"Server exiting"}
{"level":"INFO","time":"2021-09-08T21:54:49.366+0800","caller":"logger/logger.go:52","msg":"init logger success"}
{"level":"INFO","time":"2021-09-08T21:54:49.370+0800","caller":"bluebell/main.go:76","msg":"Listening and serving HTTP on ","port":8080}
{"level":"ERROR","time":"2021-09-08T21:54:53.057+0800","caller":"controllers/community.go:39","msg":"logic.GetCommunityDetail failed","error":"must pass a pointer, not a value, to StructScan destination"}
{"level":"INFO","time":"2021-09-08T21:54:53.057+0800","caller":"logger/logger.go:94","msg":"/api/v1/community/1","status":200,"method":"GET","path":"/api/v1/community/1","query":"","ip":"127.0.0.1","user-agent":"PostmanRuntime/7.28.4","errors":"","cost":0.001204}
{"level":"INFO","time":"2021-09-08T21:55:30.534+0800","caller":"bluebell/main.go:93","msg":"Shutdown Server ..."}
{"level":"INFO","time":"2021-09-08T21:55:30.542+0800","caller":"bluebell/main.go:102","msg":"Server exiting"}
{"level":"INFO","time":"2021-09-08T21:55:35.099+0800","caller":"logger/logger.go:52","msg":"init logger success"}
{"level":"INFO","time":"2021-09-08T21:55:35.102+0800","caller":"bluebell/main.go:76","msg":"Listening and serving HTTP on ","port":8080}
{"level":"INFO","time":"2021-09-08T21:55:37.780+0800","caller":"logger/logger.go:94","msg":"/api/v1/community/1","status":200,"method":"GET","path":"/api/v1/community/1","query":"","ip":"127.0.0.1","user-agent":"PostmanRuntime/7.28.4","errors":"","cost":0.0011566}
{"level":"INFO","time":"2021-09-08T21:57:28.558+0800","caller":"logger/logger.go:94","msg":"/api/v1/community/2","status":200,"method":"GET","path":"/api/v1/community/2","query":"","ip":"127.0.0.1","user-agent":"PostmanRuntime/7.28.4","errors":"","cost":0.0010002}
{"level":"INFO","time":"2021-09-08T21:59:55.359+0800","caller":"bluebell/main.go:93","msg":"Shutdown Server ..."}
{"level":"INFO","time":"2021-09-08T21:59:55.359+0800","caller":"bluebell/main.go:102","msg":"Server exiting"}
{"level":"INFO","time":"2021-09-09T20:05:11.625+0800","caller":"logger/logger.go:52","msg":"init logger success"}
{"level":"INFO","time":"2021-09-09T20:05:11.648+0800","caller":"bluebell/main.go:76","msg":"Listening and serving HTTP on ","port":8080}
{"level":"INFO","time":"2021-09-09T20:06:04.435+0800","caller":"logger/logger.go:94","msg":"/api/v1/login","status":200,"method":"POST","path":"/api/v1/login","query":"","ip":"::1","user-agent":"PostmanRuntime/7.28.4","errors":"","cost":0.0299896}
{"level":"ERROR","time":"2021-09-09T20:08:48.988+0800","caller":"controllers/post.go:19","msg":"CreatePostHandler with invalid param","error":"invalid character '}' looking for beginning of object key string"}
{"level":"INFO","time":"2021-09-09T20:08:48.988+0800","caller":"logger/logger.go:94","msg":"/api/v1/post","status":200,"method":"POST","path":"/api/v1/post","query":"","ip":"127.0.0.1","user-agent":"PostmanRuntime/7.28.4","errors":"","cost":0.0005966}
{"level":"ERROR","time":"2021-09-09T20:09:24.618+0800","caller":"controllers/post.go:19","msg":"CreatePostHandler with invalid param","error":"invalid character '}' looking for beginning of object key string"}
{"level":"INFO","time":"2021-09-09T20:09:24.619+0800","caller":"logger/logger.go:94","msg":"/api/v1/post","status":200,"method":"POST","path":"/api/v1/post","query":"","ip":"127.0.0.1","user-agent":"PostmanRuntime/7.28.4","errors":"","cost":0.0006718}
{"level":"INFO","time":"2021-09-09T20:11:47.681+0800","caller":"bluebell/main.go:93","msg":"Shutdown Server ..."}
{"level":"INFO","time":"2021-09-09T20:11:47.694+0800","caller":"bluebell/main.go:102","msg":"Server exiting"}
{"level":"INFO","time":"2021-09-09T20:11:52.982+0800","caller":"logger/logger.go:52","msg":"init logger success"}
{"level":"INFO","time":"2021-09-09T20:11:52.986+0800","caller":"bluebell/main.go:76","msg":"Listening and serving HTTP on ","port":8080}
{"level":"ERROR","time":"2021-09-09T20:11:55.558+0800","caller":"controllers/post.go:19","msg":"CreatePostHandler with invalid param","error":"invalid character '}' looking for beginning of object key string"}
{"level":"INFO","time":"2021-09-09T20:11:55.558+0800","caller":"logger/logger.go:94","msg":"/api/v1/post","status":200,"method":"POST","path":"/api/v1/post","query":"","ip":"127.0.0.1","user-agent":"PostmanRuntime/7.28.4","errors":"","cost":0.0005123}
{"level":"ERROR","time":"2021-09-09T20:12:30.316+0800","caller":"controllers/post.go:19","msg":"CreatePostHandler with invalid param","error":"json: cannot unmarshal string into Go struct field Post.community_id of type int64"}
{"level":"INFO","time":"2021-09-09T20:12:30.316+0800","caller":"logger/logger.go:94","msg":"/api/v1/post","status":200,"method":"POST","path":"/api/v1/post","query":"","ip":"127.0.0.1","user-agent":"PostmanRuntime/7.28.4","errors":"","cost":0.0008528}
{"level":"INFO","time":"2021-09-09T20:12:54.891+0800","caller":"logger/logger.go:94","msg":"/api/v1/post","status":200,"method":"POST","path":"/api/v1/post","query":"","ip":"127.0.0.1","user-agent":"PostmanRuntime/7.28.4","errors":"","cost":0.0214168}
{"level":"INFO","time":"2021-09-09T20:25:30.377+0800","caller":"bluebell/main.go:93","msg":"Shutdown Server ..."}
{"level":"INFO","time":"2021-09-09T20:25:30.386+0800","caller":"bluebell/main.go:102","msg":"Server exiting"}
{"level":"INFO","time":"2021-09-09T20:38:27.213+0800","caller":"logger/logger.go:52","msg":"init logger success"}
{"level":"INFO","time":"2021-09-09T20:38:27.217+0800","caller":"bluebell/main.go:76","msg":"Listening and serving HTTP on ","port":8080}
{"level":"INFO","time":"2021-09-09T20:39:07.765+0800","caller":"logger/logger.go:94","msg":"/api/v1/post/8519364889481216","status":200,"method":"GET","path":"/api/v1/post/8519364889481216","query":"","ip":"127.0.0.1","user-agent":"PostmanRuntime/7.28.4","errors":"","cost":0.0046816}
{"level":"INFO","time":"2021-09-09T20:56:18.842+0800","caller":"bluebell/main.go:93","msg":"Shutdown Server ..."}
{"level":"INFO","time":"2021-09-09T20:56:18.843+0800","caller":"bluebell/main.go:102","msg":"Server exiting"}
{"level":"INFO","time":"2021-09-09T20:56:22.655+0800","caller":"logger/logger.go:52","msg":"init logger success"}
{"level":"INFO","time":"2021-09-09T20:56:22.658+0800","caller":"bluebell/main.go:76","msg":"Listening and serving HTTP on ","port":8080}
{"level":"INFO","time":"2021-09-09T20:56:24.398+0800","caller":"logger/logger.go:94","msg":"/api/v1/post/8519364889481216","status":200,"method":"GET","path":"/api/v1/post/8519364889481216","query":"","ip":"127.0.0.1","user-agent":"PostmanRuntime/7.28.4","errors":"","cost":0.0035943}
{"level":"INFO","time":"2021-09-09T20:58:38.891+0800","caller":"logger/logger.go:94","msg":"/api/v1/post/8519364889481216","status":200,"method":"GET","path":"/api/v1/post/8519364889481216","query":"","ip":"127.0.0.1","user-agent":"PostmanRuntime/7.28.4","errors":"","cost":0.0005685}
{"level":"INFO","time":"2021-09-09T20:59:37.706+0800","caller":"bluebell/main.go:93","msg":"Shutdown Server ..."}
{"level":"INFO","time":"2021-09-09T20:59:37.706+0800","caller":"bluebell/main.go:102","msg":"Server exiting"}
{"level":"INFO","time":"2021-09-09T20:59:41.853+0800","caller":"logger/logger.go:52","msg":"init logger success"}
{"level":"INFO","time":"2021-09-09T20:59:41.857+0800","caller":"bluebell/main.go:76","msg":"Listening and serving HTTP on ","port":8080}
{"level":"INFO","time":"2021-09-09T20:59:44.602+0800","caller":"logger/logger.go:94","msg":"/api/v1/post/8519364889481216","status":200,"method":"GET","path":"/api/v1/post/8519364889481216","query":"","ip":"127.0.0.1","user-agent":"PostmanRuntime/7.28.4","errors":"","cost":0.0012477}
{"level":"INFO","time":"2021-09-09T21:00:17.557+0800","caller":"bluebell/main.go:93","msg":"Shutdown Server ..."}
{"level":"INFO","time":"2021-09-09T21:00:17.565+0800","caller":"bluebell/main.go:102","msg":"Server exiting"}
{"level":"INFO","time":"2021-09-09T21:00:21.112+0800","caller":"logger/logger.go:52","msg":"init logger success"}
{"level":"INFO","time":"2021-09-09T21:00:21.116+0800","caller":"bluebell/main.go:76","msg":"Listening and serving HTTP on ","port":8080}
{"level":"INFO","time":"2021-09-09T21:00:22.933+0800","caller":"logger/logger.go:94","msg":"/api/v1/post/8519364889481216","status":200,"method":"GET","path":"/api/v1/post/8519364889481216","query":"","ip":"127.0.0.1","user-agent":"PostmanRuntime/7.28.4","errors":"","cost":0.001459}
{"level":"INFO","time":"2021-09-09T21:00:37.523+0800","caller":"bluebell/main.go:93","msg":"Shutdown Server ..."}
{"level":"INFO","time":"2021-09-09T21:00:37.526+0800","caller":"bluebell/main.go:102","msg":"Server exiting"}
{"level":"INFO","time":"2021-09-09T21:00:41.800+0800","caller":"logger/logger.go:52","msg":"init logger success"}
{"level":"INFO","time":"2021-09-09T21:00:41.804+0800","caller":"bluebell/main.go:76","msg":"Listening and serving HTTP on ","port":8080}
{"level":"INFO","time":"2021-09-09T21:00:45.181+0800","caller":"logger/logger.go:94","msg":"/api/v1/post/8519364889481216","status":200,"method":"GET","path":"/api/v1/post/8519364889481216","query":"","ip":"127.0.0.1","user-agent":"PostmanRuntime/7.28.4","errors":"","cost":0.0017324}
{"level":"INFO","time":"2021-09-09T21:03:24.486+0800","caller":"bluebell/main.go:93","msg":"Shutdown Server ..."}
{"level":"INFO","time":"2021-09-09T21:03:24.487+0800","caller":"bluebell/main.go:102","msg":"Server exiting"}
{"level":"INFO","time":"2021-09-09T21:03:28.345+0800","caller":"logger/logger.go:52","msg":"init logger success"}
{"level":"INFO","time":"2021-09-09T21:03:28.348+0800","caller":"bluebell/main.go:76","msg":"Listening and serving HTTP on ","port":8080}
{"level":"INFO","time":"2021-09-09T21:03:31.432+0800","caller":"logger/logger.go:94","msg":"/api/v1/post/8519364889481216","status":200,"method":"GET","path":"/api/v1/post/8519364889481216","query":"","ip":"127.0.0.1","user-agent":"PostmanRuntime/7.28.4","errors":"","cost":0.0016877}
{"level":"INFO","time":"2021-09-09T21:04:40.839+0800","caller":"bluebell/main.go:93","msg":"Shutdown Server ..."}
{"level":"INFO","time":"2021-09-09T21:04:40.839+0800","caller":"bluebell/main.go:102","msg":"Server exiting"}
{"level":"INFO","time":"2021-09-10T15:00:48.050+0800","caller":"logger/logger.go:52","msg":"init logger success"}
{"level":"INFO","time":"2021-09-10T15:00:48.077+0800","caller":"bluebell/main.go:76","msg":"Listening and serving HTTP on ","port":8080}
{"level":"INFO","time":"2021-09-10T15:01:09.177+0800","caller":"logger/logger.go:94","msg":"/api/v1/post","status":200,"method":"POST","path":"/api/v1/post","query":"","ip":"127.0.0.1","user-agent":"PostmanRuntime/7.28.4","errors":"","cost":0.0004808}
{"level":"INFO","time":"2021-09-10T15:01:12.665+0800","caller":"logger/logger.go:94","msg":"/api/v1/login","status":200,"method":"POST","path":"/api/v1/login","query":"","ip":"::1","user-agent":"PostmanRuntime/7.28.4","errors":"","cost":0.0260975}
{"level":"ERROR","time":"2021-09-10T15:01:24.729+0800","caller":"controllers/post.go:21","msg":"CreatePostHandler with invalid param","error":"EOF"}
{"level":"INFO","time":"2021-09-10T15:01:24.729+0800","caller":"logger/logger.go:94","msg":"/api/v1/post","status":200,"method":"POST","path":"/api/v1/post","query":"","ip":"127.0.0.1","user-agent":"PostmanRuntime/7.28.4","errors":"","cost":0.0008207}
{"level":"INFO","time":"2021-09-10T15:01:31.451+0800","caller":"logger/logger.go:94","msg":"/api/v1/post/","status":200,"method":"GET","path":"/api/v1/post/","query":"","ip":"127.0.0.1","user-agent":"PostmanRuntime/7.28.4","errors":"","cost":0.0109331}
{"level":"ERROR","time":"2021-09-10T15:02:17.941+0800","caller":"controllers/post.go:21","msg":"CreatePostHandler with invalid param","error":"invalid character 'â' looking for beginning of object key string"}
{"level":"INFO","time":"2021-09-10T15:02:17.942+0800","caller":"logger/logger.go:94","msg":"/api/v1/post","status":200,"method":"POST","path":"/api/v1/post","query":"","ip":"127.0.0.1","user-agent":"PostmanRuntime/7.28.4","errors":"","cost":0.0008322}
{"level":"INFO","time":"2021-09-10T15:03:36.146+0800","caller":"logger/logger.go:94","msg":"/api/v1/post","status":200,"method":"POST","path":"/api/v1/post","query":"","ip":"127.0.0.1","user-agent":"PostmanRuntime/7.28.4","errors":"","cost":0.0078472}
{"level":"INFO","time":"2021-09-10T15:03:40.042+0800","caller":"logger/logger.go:94","msg":"/api/v1/post/","status":200,"method":"GET","path":"/api/v1/post/","query":"","ip":"127.0.0.1","user-agent":"PostmanRuntime/7.28.4","errors":"","cost":0.0012369}
{"level":"INFO","time":"2021-09-10T15:19:30.989+0800","caller":"bluebell/main.go:93","msg":"Shutdown Server ..."}
{"level":"INFO","time":"2021-09-10T15:19:30.989+0800","caller":"bluebell/main.go:102","msg":"Server exiting"}
{"level":"INFO","time":"2021-09-10T15:19:34.801+0800","caller":"logger/logger.go:52","msg":"init logger success"}
{"level":"INFO","time":"2021-09-10T15:19:34.805+0800","caller":"bluebell/main.go:76","msg":"Listening and serving HTTP on ","port":8080}
{"level":"INFO","time":"2021-09-10T15:19:51.298+0800","caller":"logger/logger.go:94","msg":"/api/v1/post","status":200,"method":"GET","path":"/api/v1/post","query":"page=1&size=1","ip":"127.0.0.1","user-agent":"PostmanRuntime/7.28.4","errors":"","cost":0}
{"level":"INFO","time":"2021-09-10T15:19:56.840+0800","caller":"logger/logger.go:94","msg":"/api/v1/posts","status":200,"method":"GET","path":"/api/v1/posts","query":"page=1&size=1","ip":"127.0.0.1","user-agent":"PostmanRuntime/7.28.4","errors":"","cost":0.0050132}
{"level":"INFO","time":"2021-09-10T15:20:04.028+0800","caller":"logger/logger.go:94","msg":"/api/v1/posts","status":200,"method":"GET","path":"/api/v1/posts","query":"page=1&size=2","ip":"127.0.0.1","user-agent":"PostmanRuntime/7.28.4","errors":"","cost":0.001544}
{"level":"INFO","time":"2021-09-10T15:20:09.856+0800","caller":"logger/logger.go:94","msg":"/api/v1/posts","status":200,"method":"GET","path":"/api/v1/posts","query":"size=2","ip":"127.0.0.1","user-agent":"PostmanRuntime/7.28.4","errors":"","cost":0.0020922}
{"level":"INFO","time":"2021-09-10T15:20:14.822+0800","caller":"logger/logger.go:94","msg":"/api/v1/posts","status":200,"method":"GET","path":"/api/v1/posts","query":"size=1","ip":"127.0.0.1","user-agent":"PostmanRuntime/7.28.4","errors":"","cost":0.0014613}
{"level":"INFO","time":"2021-09-10T15:20:25.327+0800","caller":"logger/logger.go:94","msg":"/api/v1/posts","status":200,"method":"GET","path":"/api/v1/posts","query":"page=2&size=1","ip":"127.0.0.1","user-agent":"PostmanRuntime/7.28.4","errors":"","cost":0.0009792}
{"level":"INFO","time":"2021-09-10T20:01:21.548+0800","caller":"bluebell/main.go:93","msg":"Shutdown Server ..."}
{"level":"INFO","time":"2021-09-10T20:01:21.549+0800","caller":"bluebell/main.go:102","msg":"Server exiting"}
{"level":"INFO","time":"2021-09-10T20:01:25.538+0800","caller":"logger/logger.go:52","msg":"init logger success"}
{"level":"INFO","time":"2021-09-10T20:01:25.543+0800","caller":"bluebell/main.go:76","msg":"Listening and serving HTTP on ","port":8080}
{"level":"INFO","time":"2021-09-10T20:02:07.751+0800","caller":"bluebell/main.go:93","msg":"Shutdown Server ..."}
{"level":"INFO","time":"2021-09-10T20:02:07.758+0800","caller":"bluebell/main.go:102","msg":"Server exiting"}
{"level":"INFO","time":"2021-09-10T20:02:11.189+0800","caller":"logger/logger.go:52","msg":"init logger success"}
{"level":"INFO","time":"2021-09-10T20:02:11.193+0800","caller":"bluebell/main.go:76","msg":"Listening and serving HTTP on ","port":8080}
{"level":"INFO","time":"2021-09-10T20:02:15.082+0800","caller":"logger/logger.go:94","msg":"/api/v1/vote","status":200,"method":"GET","path":"/api/v1/vote","query":"","ip":"127.0.0.1","user-agent":"PostmanRuntime/7.28.4","errors":"","cost":0}
{"level":"INFO","time":"2021-09-10T20:02:21.839+0800","caller":"logger/logger.go:94","msg":"/api/v1/vote","status":200,"method":"POST","path":"/api/v1/vote","query":"","ip":"127.0.0.1","user-agent":"PostmanRuntime/7.28.4","errors":"","cost":0}
{"level":"INFO","time":"2021-09-10T20:02:25.090+0800","caller":"logger/logger.go:94","msg":"/api/v1/login","status":200,"method":"POST","path":"/api/v1/login","query":"","ip":"::1","user-agent":"PostmanRuntime/7.28.4","errors":"","cost":0.0023495}
{"level":"INFO","time":"2021-09-10T20:02:37.026+0800","caller":"logger/logger.go:94","msg":"/api/v1/vote","status":200,"method":"POST","path":"/api/v1/vote","query":"","ip":"127.0.0.1","user-agent":"PostmanRuntime/7.28.4","errors":"","cost":0.0014587}
{"level":"INFO","time":"2021-09-10T20:02:57.005+0800","caller":"logger/logger.go:94","msg":"/api/v1/vote","status":200,"method":"POST","path":"/api/v1/vote","query":"","ip":"127.0.0.1","user-agent":"PostmanRuntime/7.28.4","errors":"","cost":0.0005494}
{"level":"INFO","time":"2021-09-10T20:03:06.361+0800","caller":"logger/logger.go:94","msg":"/api/v1/vote","status":200,"method":"POST","path":"/api/v1/vote","query":"","ip":"127.0.0.1","user-agent":"PostmanRuntime/7.28.4","errors":"","cost":0}
{"level":"INFO","time":"2021-09-10T20:03:11.127+0800","caller":"logger/logger.go:94","msg":"/api/v1/vote","status":200,"method":"POST","path":"/api/v1/vote","query":"","ip":"127.0.0.1","user-agent":"PostmanRuntime/7.28.4","errors":"","cost":0}
{"level":"INFO","time":"2021-09-10T20:03:50.902+0800","caller":"logger/logger.go:94","msg":"/api/v1/vote","status":200,"method":"POST","path":"/api/v1/vote","query":"","ip":"127.0.0.1","user-agent":"PostmanRuntime/7.28.4","errors":"","cost":0.0001896}
{"level":"INFO","time":"2021-09-10T20:51:47.547+0800","caller":"bluebell/main.go:93","msg":"Shutdown Server ..."}
{"level":"INFO","time":"2021-09-10T20:51:47.547+0800","caller":"bluebell/main.go:102","msg":"Server exiting"}
{"level":"INFO","time":"2021-09-12T16:22:52.586+0800","caller":"logger/logger.go:52","msg":"init logger success"}
{"level":"INFO","time":"2021-09-12T16:22:52.615+0800","caller":"bluebell/main.go:76","msg":"Listening and serving HTTP on ","port":8080}
{"level":"INFO","time":"2021-09-12T16:23:46.472+0800","caller":"logger/logger.go:94","msg":"/api/v1/vote","status":200,"method":"POST","path":"/api/v1/vote","query":"","ip":"127.0.0.1","user-agent":"PostmanRuntime/7.28.4","errors":"","cost":0}
{"level":"INFO","time":"2021-09-12T16:23:50.249+0800","caller":"logger/logger.go:94","msg":"/api/v1/login","status":200,"method":"POST","path":"/api/v1/login","query":"","ip":"::1","user-agent":"PostmanRuntime/7.28.4","errors":"","cost":0.0448549}
{"level":"INFO","time":"2021-09-12T16:23:58.789+0800","caller":"logger/logger.go:94","msg":"/api/v1/vote","status":200,"method":"POST","path":"/api/v1/vote","query":"","ip":"127.0.0.1","user-agent":"PostmanRuntime/7.28.4","errors":"","cost":0.000397}
{"level":"DEBUG","time":"2021-09-12T16:24:05.944+0800","caller":"logic/vote.go:31","msg":"VoteForPost","userID":3014426348425216,"postID":111,"direction":-1}
{"level":"ERROR","time":"2021-09-12T16:24:05.949+0800","caller":"controllers/vote.go:36","msg":"logic.VoteForPost failed","error":"投票时间已过"}
{"level":"INFO","time":"2021-09-12T16:24:05.950+0800","caller":"logger/logger.go:94","msg":"/api/v1/vote","status":200,"method":"POST","path":"/api/v1/vote","query":"","ip":"127.0.0.1","user-agent":"PostmanRuntime/7.28.4","errors":"","cost":0.0060127}
{"level":"INFO","time":"2021-09-12T16:30:41.310+0800","caller":"logger/logger.go:94","msg":"/api/v1/post","status":200,"method":"GET","path":"/api/v1/post","query":"","ip":"127.0.0.1","user-agent":"PostmanRuntime/7.28.4","errors":"","cost":0}
{"level":"ERROR","time":"2021-09-12T16:31:06.851+0800","caller":"controllers/post.go:21","msg":"CreatePostHandler with invalid param","error":"Key: 'Post.community_id' Error:Field validation for 'community_id' failed on the 'required' tag"}
{"level":"INFO","time":"2021-09-12T16:31:06.852+0800","caller":"logger/logger.go:94","msg":"/api/v1/post","status":200,"method":"POST","path":"/api/v1/post","query":"","ip":"127.0.0.1","user-agent":"PostmanRuntime/7.28.4","errors":"","cost":0.0012291}
{"level":"INFO","time":"2021-09-12T16:31:21.610+0800","caller":"logger/logger.go:94","msg":"/api/v1/post","status":200,"method":"POST","path":"/api/v1/post","query":"","ip":"127.0.0.1","user-agent":"PostmanRuntime/7.28.4","errors":"","cost":0.0230105}
{"level":"DEBUG","time":"2021-09-12T16:31:58.623+0800","caller":"logic/vote.go:31","msg":"VoteForPost","userID":3014426348425216,"postID":8519364889481216,"direction":-1}
{"level":"ERROR","time":"2021-09-12T16:31:58.624+0800","caller":"controllers/vote.go:36","msg":"logic.VoteForPost failed","error":"投票时间已过"}
{"level":"INFO","time":"2021-09-12T16:31:58.625+0800","caller":"logger/logger.go:94","msg":"/api/v1/vote","status":200,"method":"POST","path":"/api/v1/vote","query":"","ip":"127.0.0.1","user-agent":"PostmanRuntime/7.28.4","errors":"","cost":0.0016051}
{"level":"DEBUG","time":"2021-09-12T16:32:49.576+0800","caller":"logic/vote.go:31","msg":"VoteForPost","userID":3014426348425216,"postID":9550772412026880,"direction":-1}
{"level":"ERROR","time":"2021-09-12T16:32:49.577+0800","caller":"controllers/vote.go:36","msg":"logic.VoteForPost failed","error":"投票时间已过"}
{"level":"INFO","time":"2021-09-12T16:32:49.577+0800","caller":"logger/logger.go:94","msg":"/api/v1/vote","status":200,"method":"POST","path":"/api/v1/vote","query":"","ip":"127.0.0.1","user-agent":"PostmanRuntime/7.28.4","errors":"","cost":0.0003507}
{"level":"DEBUG","time":"2021-09-12T16:53:18.525+0800","caller":"logic/vote.go:31","msg":"VoteForPost","userID":3014426348425216,"postID":9550772412026880,"direction":-1}
{"level":"ERROR","time":"2021-09-12T16:53:18.526+0800","caller":"controllers/vote.go:36","msg":"logic.VoteForPost failed","error":"投票时间已过"}
{"level":"INFO","time":"2021-09-12T16:53:18.526+0800","caller":"logger/logger.go:94","msg":"/api/v1/vote","status":200,"method":"POST","path":"/api/v1/vote","query":"","ip":"127.0.0.1","user-agent":"PostmanRuntime/7.28.4","errors":"","cost":0.0016063}
{"level":"INFO","time":"2021-09-12T16:53:21.608+0800","caller":"bluebell/main.go:93","msg":"Shutdown Server ..."}
{"level":"INFO","time":"2021-09-12T16:53:21.608+0800","caller":"bluebell/main.go:102","msg":"Server exiting"}
{"level":"INFO","time":"2021-09-12T16:53:26.267+0800","caller":"logger/logger.go:52","msg":"init logger success"}
{"level":"INFO","time":"2021-09-12T16:53:26.271+0800","caller":"bluebell/main.go:76","msg":"Listening and serving HTTP on ","port":8080}
{"level":"DEBUG","time":"2021-09-12T16:53:32.471+0800","caller":"logic/vote.go:31","msg":"VoteForPost","userID":3014426348425216,"postID":9550772412026880,"direction":-1}
{"level":"ERROR","time":"2021-09-12T16:53:32.471+0800","caller":"controllers/vote.go:36","msg":"logic.VoteForPost failed","error":"投票时间已过"}
{"level":"INFO","time":"2021-09-12T16:53:32.471+0800","caller":"logger/logger.go:94","msg":"/api/v1/vote","status":200,"method":"POST","path":"/api/v1/vote","query":"","ip":"127.0.0.1","user-agent":"PostmanRuntime/7.28.4","errors":"","cost":0.0005216}
{"level":"INFO","time":"2021-09-12T16:53:38.593+0800","caller":"logger/logger.go:94","msg":"/api/v1/post","status":200,"method":"POST","path":"/api/v1/post","query":"","ip":"127.0.0.1","user-agent":"PostmanRuntime/7.28.4","errors":"","cost":0.0088767}
{"level":"DEBUG","time":"2021-09-12T16:53:54.333+0800","caller":"logic/vote.go:31","msg":"VoteForPost","userID":3014426348425216,"postID":9556380183891968,"direction":-1}
{"level":"ERROR","time":"2021-09-12T16:53:54.333+0800","caller":"controllers/vote.go:36","msg":"logic.VoteForPost failed","error":"投票时间已过"}
{"level":"INFO","time":"2021-09-12T16:53:54.333+0800","caller":"logger/logger.go:94","msg":"/api/v1/vote","status":200,"method":"POST","path":"/api/v1/vote","query":"","ip":"127.0.0.1","user-agent":"PostmanRuntime/7.28.4","errors":"","cost":0.0005094}
{"level":"INFO","time":"2021-09-12T17:00:39.008+0800","caller":"logger/logger.go:94","msg":"/api/v1/posts","status":200,"method":"POST","path":"/api/v1/posts","query":"","ip":"127.0.0.1","user-agent":"PostmanRuntime/7.28.4","errors":"","cost":0}
{"level":"INFO","time":"2021-09-12T17:00:42.892+0800","caller":"logger/logger.go:94","msg":"/api/v1/posts","status":200,"method":"GET","path":"/api/v1/posts","query":"","ip":"127.0.0.1","user-agent":"PostmanRuntime/7.28.4","errors":"","cost":0.0119402}
{"level":"INFO","time":"2021-09-12T17:00:56.310+0800","caller":"bluebell/main.go:93","msg":"Shutdown Server ..."}
{"level":"INFO","time":"2021-09-12T17:00:56.319+0800","caller":"bluebell/main.go:102","msg":"Server exiting"}
{"level":"INFO","time":"2021-09-12T17:01:00.723+0800","caller":"logger/logger.go:52","msg":"init logger success"}
{"level":"INFO","time":"2021-09-12T17:01:00.727+0800","caller":"bluebell/main.go:76","msg":"Listening and serving HTTP on ","port":8080}
{"level":"DEBUG","time":"2021-09-12T17:01:05.899+0800","caller":"logic/vote.go:31","msg":"VoteForPost","userID":3014426348425216,"postID":9556380183891968,"direction":-1}
{"level":"ERROR","time":"2021-09-12T17:01:05.899+0800","caller":"controllers/vote.go:36","msg":"logic.VoteForPost failed","error":"投票时间已过"}
{"level":"INFO","time":"2021-09-12T17:01:05.899+0800","caller":"logger/logger.go:94","msg":"/api/v1/vote","status":200,"method":"POST","path":"/api/v1/vote","query":"","ip":"127.0.0.1","user-agent":"PostmanRuntime/7.28.4","errors":"","cost":0.0010277}
{"level":"INFO","time":"2021-09-12T17:01:30.130+0800","caller":"bluebell/main.go:93","msg":"Shutdown Server ..."}
{"level":"INFO","time":"2021-09-12T17:01:30.130+0800","caller":"bluebell/main.go:102","msg":"Server exiting"}
{"level":"INFO","time":"2021-09-12T17:03:09.641+0800","caller":"logger/logger.go:52","msg":"init logger success"}
{"level":"INFO","time":"2021-09-12T17:03:09.645+0800","caller":"bluebell/main.go:76","msg":"Listening and serving HTTP on ","port":8080}
{"level":"DEBUG","time":"2021-09-12T17:03:11.981+0800","caller":"logic/vote.go:31","msg":"VoteForPost","userID":3014426348425216,"postID":9556380183891968,"direction":-1}
{"level":"ERROR","time":"2021-09-12T17:03:11.981+0800","caller":"controllers/vote.go:36","msg":"logic.VoteForPost failed","error":"投票时间已过"}
{"level":"INFO","time":"2021-09-12T17:03:11.983+0800","caller":"logger/logger.go:94","msg":"/api/v1/vote","status":200,"method":"POST","path":"/api/v1/vote","query":"","ip":"127.0.0.1","user-agent":"PostmanRuntime/7.28.4","errors":"","cost":0.0011484}
{"level":"ERROR","time":"2021-09-12T17:03:22.716+0800","caller":"controllers/post.go:40","msg":"logic.CreatePost failed","error":"WRONGTYPE Operation against a key holding the wrong kind of value"}
{"level":"INFO","time":"2021-09-12T17:03:22.716+0800","caller":"logger/logger.go:94","msg":"/api/v1/post","status":200,"method":"POST","path":"/api/v1/post","query":"","ip":"127.0.0.1","user-agent":"PostmanRuntime/7.28.4","errors":"","cost":0.007698}
{"level":"INFO","time":"2021-09-12T17:04:41.022+0800","caller":"logger/logger.go:94","msg":"/api/v1/post","status":200,"method":"POST","path":"/api/v1/post","query":"","ip":"127.0.0.1","user-agent":"PostmanRuntime/7.28.4","errors":"","cost":0.0070914}
{"level":"INFO","time":"2021-09-12T17:05:37.846+0800","caller":"logger/logger.go:94","msg":"/api/v1/post","status":200,"method":"POST","path":"/api/v1/post","query":"","ip":"127.0.0.1","user-agent":"PostmanRuntime/7.28.4","errors":"","cost":0.0067732}
{"level":"INFO","time":"2021-09-12T17:06:44.904+0800","caller":"logger/logger.go:94","msg":"/api/v1/posts","status":200,"method":"GET","path":"/api/v1/posts","query":"","ip":"127.0.0.1","user-agent":"PostmanRuntime/7.28.4","errors":"","cost":0.00373}
{"level":"DEBUG","time":"2021-09-12T17:07:00.839+0800","caller":"logic/vote.go:31","msg":"VoteForPost","userID":3014426348425216,"postID":9559396958015488,"direction":-1}
{"level":"INFO","time":"2021-09-12T17:07:00.840+0800","caller":"logger/logger.go:94","msg":"/api/v1/vote","status":200,"method":"POST","path":"/api/v1/vote","query":"","ip":"127.0.0.1","user-agent":"PostmanRuntime/7.28.4","errors":"","cost":0.0012811}
{"level":"DEBUG","time":"2021-09-12T17:07:16.055+0800","caller":"logic/vote.go:31","msg":"VoteForPost","userID":3014426348425216,"postID":9559396958015488,"direction":1}
{"level":"INFO","time":"2021-09-12T17:07:16.056+0800","caller":"logger/logger.go:94","msg":"/api/v1/vote","status":200,"method":"POST","path":"/api/v1/vote","query":"","ip":"127.0.0.1","user-agent":"PostmanRuntime/7.28.4","errors":"","cost":0.0005614}
{"level":"DEBUG","time":"2021-09-12T17:09:35.558+0800","caller":"logic/vote.go:31","msg":"VoteForPost","userID":3014426348425216,"postID":9559396958015488,"direction":1}
{"level":"INFO","time":"2021-09-12T17:09:35.559+0800","caller":"logger/logger.go:94","msg":"/api/v1/vote","status":200,"method":"POST","path":"/api/v1/vote","query":"","ip":"127.0.0.1","user-agent":"PostmanRuntime/7.28.4","errors":"","cost":0.0007643}
{"level":"DEBUG","time":"2021-09-12T17:26:25.851+0800","caller":"logic/vote.go:31","msg":"VoteForPost","userID":3014426348425216,"postID":9559396958015488,"direction":-1}
{"level":"INFO","time":"2021-09-12T17:26:25.853+0800","caller":"logger/logger.go:94","msg":"/api/v1/vote","status":200,"method":"POST","path":"/api/v1/vote","query":"","ip":"127.0.0.1","user-agent":"PostmanRuntime/7.28.4","errors":"","cost":0.0016715}
{"level":"INFO","time":"2021-09-12T17:53:13.735+0800","caller":"bluebell/main.go:93","msg":"Shutdown Server ..."}
{"level":"INFO","time":"2021-09-12T17:53:13.748+0800","caller":"bluebell/main.go:102","msg":"Server exiting"}
{"level":"INFO","time":"2021-09-12T17:53:17.489+0800","caller":"logger/logger.go:52","msg":"init logger success"}
{"level":"INFO","time":"2021-09-12T17:53:17.494+0800","caller":"bluebell/main.go:76","msg":"Listening and serving HTTP on ","port":8080}
{"level":"DEBUG","time":"2021-09-12T17:53:20.922+0800","caller":"logic/vote.go:31","msg":"VoteForPost","userID":3014426348425216,"postID":9559396958015488,"direction":-1}
{"level":"INFO","time":"2021-09-12T17:53:20.922+0800","caller":"logger/logger.go:94","msg":"/api/v1/vote","status":200,"method":"POST","path":"/api/v1/vote","query":"","ip":"127.0.0.1","user-agent":"PostmanRuntime/7.28.4","errors":"","cost":0.0010554}
{"level":"INFO","time":"2021-09-12T17:55:23.021+0800","caller":"logger/logger.go:94","msg":"/api/v1/vote","status":200,"method":"POST","path":"/api/v1/vote","query":"","ip":"127.0.0.1","user-agent":"PostmanRuntime/7.28.4","errors":"","cost":0.0009996}
{"level":"DEBUG","time":"2021-09-12T17:58:03.023+0800","caller":"logic/vote.go:31","msg":"VoteForPost","userID":3014426348425216,"postID":9559396958015488,"direction":1}
{"level":"INFO","time":"2021-09-12T17:58:03.025+0800","caller":"logger/logger.go:94","msg":"/api/v1/vote","status":200,"method":"POST","path":"/api/v1/vote","query":"","ip":"127.0.0.1","user-agent":"PostmanRuntime/7.28.4","errors":"","cost":0.0014137}
{"level":"INFO","time":"2021-09-12T18:00:37.780+0800","caller":"bluebell/main.go:93","msg":"Shutdown Server ..."}
{"level":"INFO","time":"2021-09-12T18:00:37.794+0800","caller":"bluebell/main.go:102","msg":"Server exiting"}
{"level":"INFO","time":"2021-09-12T18:00:45.656+0800","caller":"logger/logger.go:52","msg":"init logger success"}
{"level":"INFO","time":"2021-09-12T18:00:45.660+0800","caller":"bluebell/main.go:76","msg":"Listening and serving HTTP on ","port":8080}
{"level":"DEBUG","time":"2021-09-12T18:01:24.246+0800","caller":"logic/vote.go:31","msg":"VoteForPost","userID":3014426348425216,"postID":9559396958015488,"direction":1}
{"level":"INFO","time":"2021-09-12T18:01:24.247+0800","caller":"logger/logger.go:94","msg":"/api/v1/vote","status":200,"method":"POST","path":"/api/v1/vote","query":"","ip":"127.0.0.1","user-agent":"PostmanRuntime/7.28.4","errors":"","cost":0.0015423}
{"level":"DEBUG","time":"2021-09-12T18:03:51.456+0800","caller":"logic/vote.go:31","msg":"VoteForPost","userID":3014426348425216,"postID":9559396958015488,"direction":1}
{"level":"INFO","time":"2021-09-12T18:03:51.456+0800","caller":"logger/logger.go:94","msg":"/api/v1/vote","status":200,"method":"POST","path":"/api/v1/vote","query":"","ip":"127.0.0.1","user-agent":"PostmanRuntime/7.28.4","errors":"","cost":0.0015473}
{"level":"DEBUG","time":"2021-09-12T18:04:36.221+0800","caller":"logic/vote.go:31","msg":"VoteForPost","userID":3014426348425216,"postID":9559396958015488,"direction":0}
{"level":"INFO","time":"2021-09-12T18:04:36.221+0800","caller":"logger/logger.go:94","msg":"/api/v1/vote","status":200,"method":"POST","path":"/api/v1/vote","query":"","ip":"127.0.0.1","user-agent":"PostmanRuntime/7.28.4","errors":"","cost":0}
{"level":"DEBUG","time":"2021-09-12T18:05:08.529+0800","caller":"logic/vote.go:31","msg":"VoteForPost","userID":3014426348425216,"postID":9559396958015488,"direction":-1}
{"level":"INFO","time":"2021-09-12T18:05:08.530+0800","caller":"logger/logger.go:94","msg":"/api/v1/vote","status":200,"method":"POST","path":"/api/v1/vote","query":"","ip":"127.0.0.1","user-agent":"PostmanRuntime/7.28.4","errors":"","cost":0.0009835}
{"level":"INFO","time":"2021-09-12T18:05:51.036+0800","caller":"bluebell/main.go:93","msg":"Shutdown Server ..."}
{"level":"INFO","time":"2021-09-12T18:05:51.048+0800","caller":"bluebell/main.go:102","msg":"Server exiting"}
{"level":"INFO","time":"2021-09-12T18:05:54.665+0800","caller":"logger/logger.go:52","msg":"init logger success"}
{"level":"INFO","time":"2021-09-12T18:05:54.669+0800","caller":"bluebell/main.go:76","msg":"Listening and serving HTTP on ","port":8080}
{"level":"DEBUG","time":"2021-09-12T18:06:00.029+0800","caller":"logic/vote.go:31","msg":"VoteForPost","userID":3014426348425216,"postID":9559396958015488,"direction":-1}
{"level":"INFO","time":"2021-09-12T18:06:00.029+0800","caller":"logger/logger.go:94","msg":"/api/v1/vote","status":200,"method":"POST","path":"/api/v1/vote","query":"","ip":"127.0.0.1","user-agent":"PostmanRuntime/7.28.4","errors":"","cost":0.0014291}
{"level":"DEBUG","time":"2021-09-12T18:06:25.631+0800","caller":"logic/vote.go:31","msg":"VoteForPost","userID":3014426348425216,"postID":9559396958015488,"direction":1}
{"level":"INFO","time":"2021-09-12T18:06:25.632+0800","caller":"logger/logger.go:94","msg":"/api/v1/vote","status":200,"method":"POST","path":"/api/v1/vote","query":"","ip":"127.0.0.1","user-agent":"PostmanRuntime/7.28.4","errors":"","cost":0.0015746}
{"level":"INFO","time":"2021-09-12T18:07:43.419+0800","caller":"bluebell/main.go:93","msg":"Shutdown Server ..."}
{"level":"INFO","time":"2021-09-12T18:07:43.432+0800","caller":"bluebell/main.go:102","msg":"Server exiting"}
{"level":"INFO","time":"2021-09-12T18:07:47.069+0800","caller":"logger/logger.go:52","msg":"init logger success"}
{"level":"INFO","time":"2021-09-12T18:07:47.072+0800","caller":"bluebell/main.go:76","msg":"Listening and serving HTTP on ","port":8080}
{"level":"DEBUG","time":"2021-09-12T18:07:49.544+0800","caller":"logic/vote.go:31","msg":"VoteForPost","userID":3014426348425216,"postID":9559396958015488,"direction":1}
{"level":"INFO","time":"2021-09-12T18:07:49.545+0800","caller":"logger/logger.go:94","msg":"/api/v1/vote","status":200,"method":"POST","path":"/api/v1/vote","query":"","ip":"127.0.0.1","user-agent":"PostmanRuntime/7.28.4","errors":"","cost":0.0015706}
{"level":"DEBUG","time":"2021-09-12T18:08:08.597+0800","caller":"logic/vote.go:31","msg":"VoteForPost","userID":3014426348425216,"postID":9559396958015488,"direction":-1}
{"level":"INFO","time":"2021-09-12T18:08:08.599+0800","caller":"logger/logger.go:94","msg":"/api/v1/vote","status":200,"method":"POST","path":"/api/v1/vote","query":"","ip":"127.0.0.1","user-agent":"PostmanRuntime/7.28.4","errors":"","cost":0.0011664}
{"level":"DEBUG","time":"2021-09-12T18:08:35.064+0800","caller":"logic/vote.go:31","msg":"VoteForPost","userID":3014426348425216,"postID":9559396958015488,"direction":0}
{"level":"INFO","time":"2021-09-12T18:08:35.066+0800","caller":"logger/logger.go:94","msg":"/api/v1/vote","status":200,"method":"POST","path":"/api/v1/vote","query":"","ip":"127.0.0.1","user-agent":"PostmanRuntime/7.28.4","errors":"","cost":0.0010923}
{"level":"DEBUG","time":"2021-09-12T18:09:01.231+0800","caller":"logic/vote.go:31","msg":"VoteForPost","userID":3014426348425216,"postID":9559396958015488,"direction":0}
{"level":"INFO","time":"2021-09-12T18:09:01.232+0800","caller":"logger/logger.go:94","msg":"/api/v1/vote","status":200,"method":"POST","path":"/api/v1/vote","query":"","ip":"127.0.0.1","user-agent":"PostmanRuntime/7.28.4","errors":"","cost":0.0014703}
{"level":"DEBUG","time":"2021-09-12T18:09:18.227+0800","caller":"logic/vote.go:31","msg":"VoteForPost","userID":3014426348425216,"postID":9559396958015488,"direction":1}
{"level":"INFO","time":"2021-09-12T18:09:18.228+0800","caller":"logger/logger.go:94","msg":"/api/v1/vote","status":200,"method":"POST","path":"/api/v1/vote","query":"","ip":"127.0.0.1","user-agent":"PostmanRuntime/7.28.4","errors":"","cost":0.0021255}
{"level":"DEBUG","time":"2021-09-12T18:09:39.659+0800","caller":"logic/vote.go:31","msg":"VoteForPost","userID":3014426348425216,"postID":9559396958015488,"direction":0}
{"level":"INFO","time":"2021-09-12T18:09:39.660+0800","caller":"logger/logger.go:94","msg":"/api/v1/vote","status":200,"method":"POST","path":"/api/v1/vote","query":"","ip":"127.0.0.1","user-agent":"PostmanRuntime/7.28.4","errors":"","cost":0.0014347}
{"level":"DEBUG","time":"2021-09-12T18:10:26.735+0800","caller":"logic/vote.go:31","msg":"VoteForPost","userID":3014426348425216,"postID":9559396958015488,"direction":1}
{"level":"INFO","time":"2021-09-12T18:10:26.736+0800","caller":"logger/logger.go:94","msg":"/api/v1/vote","status":200,"method":"POST","path":"/api/v1/vote","query":"","ip":"127.0.0.1","user-agent":"PostmanRuntime/7.28.4","errors":"","cost":0.0013422}
{"level":"DEBUG","time":"2021-09-12T18:10:36.736+0800","caller":"logic/vote.go:31","msg":"VoteForPost","userID":3014426348425216,"postID":9559396958015488,"direction":-1}
{"level":"INFO","time":"2021-09-12T18:10:36.737+0800","caller":"logger/logger.go:94","msg":"/api/v1/vote","status":200,"method":"POST","path":"/api/v1/vote","query":"","ip":"127.0.0.1","user-agent":"PostmanRuntime/7.28.4","errors":"","cost":0.0020724}
{"level":"DEBUG","time":"2021-09-12T18:10:44.449+0800","caller":"logic/vote.go:31","msg":"VoteForPost","userID":3014426348425216,"postID":9559396958015488,"direction":1}
{"level":"INFO","time":"2021-09-12T18:10:44.450+0800","caller":"logger/logger.go:94","msg":"/api/v1/vote","status":200,"method":"POST","path":"/api/v1/vote","query":"","ip":"127.0.0.1","user-agent":"PostmanRuntime/7.28.4","errors":"","cost":0.0008353}
{"level":"INFO","time":"2021-09-12T18:27:39.269+0800","caller":"logger/logger.go:94","msg":"/api/v1/vote","status":200,"method":"POST","path":"/api/v1/vote","query":"","ip":"127.0.0.1","user-agent":"PostmanRuntime/7.28.4","errors":"","cost":0}
{"level":"INFO","time":"2021-09-12T18:27:43.437+0800","caller":"logger/logger.go:94","msg":"/api/v1/login","status":200,"method":"POST","path":"/api/v1/login","query":"","ip":"::1","user-agent":"PostmanRuntime/7.28.4","errors":"","cost":0.0083314}
{"level":"INFO","time":"2021-09-12T18:27:51.488+0800","caller":"logger/logger.go:94","msg":"/api/v1/vote","status":200,"method":"POST","path":"/api/v1/vote","query":"","ip":"127.0.0.1","user-agent":"PostmanRuntime/7.28.4","errors":"","cost":0}
{"level":"INFO","time":"2021-09-12T18:28:09.028+0800","caller":"logger/logger.go:94","msg":"/api/v1/vote","status":200,"method":"POST","path":"/api/v1/vote","query":"","ip":"127.0.0.1","user-agent":"PostmanRuntime/7.28.4","errors":"","cost":0}
{"level":"INFO","time":"2021-09-12T18:28:56.069+0800","caller":"bluebell/main.go:93","msg":"Shutdown Server ..."}
{"level":"INFO","time":"2021-09-12T18:28:56.070+0800","caller":"bluebell/main.go:102","msg":"Server exiting"}
{"level":"INFO","time":"2021-09-12T18:28:59.684+0800","caller":"logger/logger.go:52","msg":"init logger success"}
{"level":"INFO","time":"2021-09-12T18:28:59.688+0800","caller":"bluebell/main.go:76","msg":"Listening and serving HTTP on ","port":8080}
{"level":"ERROR","time":"2021-09-12T18:29:01.523+0800","caller":"controllers/vote.go:20","msg":"请求参数失败","error":"invalid character '}' looking for beginning of object key string"}
{"level":"INFO","time":"2021-09-12T18:29:01.524+0800","caller":"logger/logger.go:94","msg":"/api/v1/vote","status":200,"method":"POST","path":"/api/v1/vote","query":"","ip":"127.0.0.1","user-agent":"PostmanRuntime/7.28.4","errors":"","cost":0.0006919}
{"level":"DEBUG","time":"2021-09-12T18:29:10.184+0800","caller":"logic/vote.go:31","msg":"VoteForPost","userID":3014426348425216,"postID":9559396958015488,"direction":0}
{"level":"ERROR","time":"2021-09-12T18:29:10.184+0800","caller":"redis/vote.go:81","msg":"更新分数或者记录投票 失败"}
{"level":"INFO","time":"2021-09-12T18:29:10.184+0800","caller":"logger/logger.go:94","msg":"/api/v1/vote","status":200,"method":"POST","path":"/api/v1/vote","query":"","ip":"127.0.0.1","user-agent":"PostmanRuntime/7.28.4","errors":"","cost":0.0014717}
